Log file open, 07/23/22 18:14:16
LogInit: Display: Running engine for game: Valleys_UEp
LogPlatformFile: Not using cached read wrapper
LogTaskGraph: Started task graph with 5 named threads and 14 total threads with 3 sets of task threads.
LogStats: Stats thread started at 0.109610
LogD3D11RHI: Loaded GFSDK_Aftermath_Lib.x64.dll
LogICUInternationalization: ICU TimeZone Detection - Raw Offset: +3:30, Platform Override: ''
LogPluginManager: Mounting plugin Paper2D
LogPluginManager: Mounting plugin AISupport
LogPluginManager: Mounting plugin LightPropagationVolume
LogPluginManager: Mounting plugin CameraShakePreviewer
LogPluginManager: Mounting plugin ActorLayerUtilities
LogPluginManager: Mounting plugin AnimationSharing
LogPluginManager: Mounting plugin CLionSourceCodeAccess
LogPluginManager: Mounting plugin CodeLiteSourceCodeAccess
LogPluginManager: Mounting plugin GitSourceControl
LogPluginManager: Mounting plugin KDevelopSourceCodeAccess
LogPluginManager: Mounting plugin NullSourceCodeAccess
LogPluginManager: Mounting plugin PerforceSourceControl
LogPluginManager: Mounting plugin PlasticSourceControl
LogPluginManager: Mounting plugin RiderSourceCodeAccess
LogPluginManager: Mounting plugin SubversionSourceControl
LogPluginManager: Mounting plugin UObjectPlugin
LogPluginManager: Mounting plugin VisualStudioCodeSourceCodeAccess
LogPluginManager: Mounting plugin VisualStudioSourceCodeAccess
LogPluginManager: Mounting plugin XCodeSourceCodeAccess
LogPluginManager: Mounting plugin AssetManagerEditor
LogPluginManager: Mounting plugin CryptoKeys
LogPluginManager: Mounting plugin CurveEditorTools
LogPluginManager: Mounting plugin DataValidation
LogPluginManager: Mounting plugin EditorScriptingUtilities
LogPluginManager: Mounting plugin FacialAnimation
LogPluginManager: Mounting plugin GameplayTagsEditor
LogPluginManager: Mounting plugin GeometryMode
LogPluginManager: Mounting plugin MacGraphicsSwitching
LogPluginManager: Mounting plugin MaterialAnalyzer
LogPluginManager: Mounting plugin MobileLauncherProfileWizard
LogPluginManager: Mounting plugin PluginBrowser
LogPluginManager: Mounting plugin SpeedTreeImporter
LogPluginManager: Mounting plugin DatasmithContent
LogPluginManager: Mounting plugin VariantManagerContent
LogPluginManager: Mounting plugin AlembicImporter
LogPluginManager: Mounting plugin AutomationUtils
LogPluginManager: Mounting plugin BackChannel
LogPluginManager: Mounting plugin ChaosCloth
LogPluginManager: Mounting plugin ChaosClothEditor
LogPluginManager: Mounting plugin ChaosEditor
LogPluginManager: Mounting plugin ChaosNiagara
LogPluginManager: Mounting plugin ChaosSolverPlugin
LogPluginManager: Mounting plugin CharacterAI
LogPluginManager: Mounting plugin GeometryCache
LogPluginManager: Mounting plugin GeometryCollectionPlugin
LogPluginManager: Mounting plugin GeometryProcessing
LogPluginManager: Mounting plugin PlanarCut
LogPluginManager: Mounting plugin PlatformCrypto
LogPluginManager: Mounting plugin ProxyLODPlugin
LogPluginManager: Mounting plugin SkeletalReduction
LogPluginManager: Mounting plugin Niagara
LogPluginManager: Mounting plugin MagicLeap
LogPluginManager: Mounting plugin MagicLeapLightEstimation
LogPluginManager: Mounting plugin MagicLeapMedia
LogPluginManager: Mounting plugin MagicLeapPassableWorld
LogPluginManager: Mounting plugin MLSDK
LogPluginManager: Mounting plugin AndroidMedia
LogPluginManager: Mounting plugin AvfMedia
LogPluginManager: Mounting plugin ImgMedia
LogPluginManager: Mounting plugin MediaCompositing
LogPluginManager: Mounting plugin MediaPlayerEditor
LogPluginManager: Mounting plugin WebMMedia
LogPluginManager: Mounting plugin WmfMedia
LogPluginManager: Mounting plugin MeshPainting
LogPluginManager: Mounting plugin TcpMessaging
LogPluginManager: Mounting plugin UdpMessaging
LogPluginManager: Mounting plugin ActorSequence
LogPluginManager: Mounting plugin LevelSequenceEditor
LogPluginManager: Mounting plugin MatineeToLevelSequence
LogPluginManager: Mounting plugin MovieRenderPipeline
LogPluginManager: Mounting plugin TemplateSequence
LogPluginManager: Mounting plugin NetcodeUnitTest
LogPluginManager: Mounting plugin NUTUnrealEngine4
LogPluginManager: Mounting plugin OnlineSubsystemGooglePlay
LogPluginManager: Mounting plugin OnlineSubsystemIOS
LogPluginManager: Mounting plugin OnlineSubsystem
LogPluginManager: Mounting plugin OnlineSubsystemNull
LogPluginManager: Mounting plugin OnlineSubsystemUtils
LogPluginManager: Mounting plugin LauncherChunkInstaller
LogPluginManager: Mounting plugin AndroidDeviceProfileSelector
LogPluginManager: Mounting plugin AndroidMoviePlayer
LogPluginManager: Mounting plugin AndroidPermission
LogPluginManager: Mounting plugin AppleImageUtils
LogPluginManager: Mounting plugin AppleMoviePlayer
LogPluginManager: Mounting plugin ArchVisCharacter
LogPluginManager: Mounting plugin AssetTags
LogPluginManager: Mounting plugin AudioCapture
LogPluginManager: Mounting plugin CableComponent
LogPluginManager: Mounting plugin CustomMeshComponent
LogPluginManager: Mounting plugin EditableMesh
LogPluginManager: Mounting plugin ExampleDeviceProfileSelector
LogPluginManager: Mounting plugin GoogleCloudMessaging
LogPluginManager: Mounting plugin GooglePAD
LogPluginManager: Mounting plugin IOSDeviceProfileSelector
LogPluginManager: Mounting plugin LinuxDeviceProfileSelector
LogPluginManager: Mounting plugin LocationServicesBPLibrary
LogPluginManager: Mounting plugin MobilePatchingUtils
LogPluginManager: Mounting plugin OculusVR
LogPluginManager: Mounting plugin PhysXVehicles
LogPluginManager: Mounting plugin PostSplashScreen
LogPluginManager: Mounting plugin ProceduralMeshComponent
LogPluginManager: Mounting plugin RuntimePhysXCooking
LogPluginManager: Mounting plugin SignificanceManager
LogPluginManager: Mounting plugin SoundFields
LogPluginManager: Mounting plugin SteamVR
LogPluginManager: Mounting plugin Synthesis
LogPluginManager: Mounting plugin WebMMoviePlayer
LogPluginManager: Mounting plugin WindowsMoviePlayer
LogPluginManager: Mounting plugin ScreenshotTools
LogInit: Using libcurl 7.55.1-DEV
LogInit:  - built for x86_64-pc-win32
LogInit:  - supports SSL with OpenSSL/1.1.1
LogInit:  - supports HTTP deflate (compression) using libz 1.2.8
LogInit:  - other features:
LogInit:      CURL_VERSION_SSL
LogInit:      CURL_VERSION_LIBZ
LogInit:      CURL_VERSION_IPV6
LogInit:      CURL_VERSION_ASYNCHDNS
LogInit:      CURL_VERSION_LARGEFILE
LogInit:      CURL_VERSION_IDN
LogInit:  CurlRequestOptions (configurable via config and command line):
LogInit:  - bVerifyPeer = true  - Libcurl will verify peer certificate
LogInit:  - bUseHttpProxy = false  - Libcurl will NOT use HTTP proxy
LogInit:  - bDontReuseConnections = false  - Libcurl will reuse connections
LogInit:  - MaxHostConnections = 16  - Libcurl will limit the number of connections to a host
LogInit:  - LocalHostAddr = Default
LogInit:  - BufferSize = 65536
LogOnline: OSS: Creating online subsystem instance for: NULL
LogInit: WinSock: version 1.1 (2.2), MaxSocks=32767, MaxUdp=65467
LogOnline: OSS: TryLoadSubsystemAndSetDefault: Loaded subsystem for module [NULL]
LogInit: Build: ++UE4+Release-4.25-CL-13144385
LogInit: Engine Version: 4.25.0-13144385+++UE4+Release-4.25
LogInit: Compatible Engine Version: 4.25.0-13144385+++UE4+Release-4.25
LogInit: Net CL: 13144385
LogInit: OS: Windows 10 (Release 1511) (), CPU: Intel(R) Core(TM) i5-6402P CPU @ 2.80GHz, GPU: NVIDIA GeForce GTX 960
LogInit: Compiled (64-bit): May  2 2020 02:12:11
LogInit: Compiled with Visual C++: 19.24.28315.00
LogInit: Build Configuration: Development
LogInit: Branch Name: ++UE4+Release-4.25
LogInit: Command Line:  /Game/TopDownBP/Maps/TopDownExampleMap -game -PIEVIACONSOLE -Multiprocess GameUserSettingsINI=E:/AMStudio/Valleys2/Valleys_UEp/Saved/Config/Windows/PIEGameUserSettings0.ini -MultiprocessSaveConfig -MultiprocessOSS -messaging -SessionName="Play in Standalone Game" -featureleveles31 -faketouches -MultiprocessSaveConfig -windowed -ResX=1280 -ResY=720
LogInit: Base Directory: E:/Applications/UE4/UE_4.25/Engine/Binaries/Win64/
LogInit: Allocator: TBB
LogInit: Installed Engine Build: 1
LogDevObjectVersion: Number of dev versions registered: 26
LogDevObjectVersion:   Dev-Blueprints (B0D832E4-1F89-4F0D-ACCF-7EB736FD4AA2): 10
LogDevObjectVersion:   Dev-Build (E1C64328-A22C-4D53-A36C-8E866417BD8C): 0
LogDevObjectVersion:   Dev-Core (375EC13C-06E4-48FB-B500-84F0262A717E): 4
LogDevObjectVersion:   Dev-Editor (E4B068ED-F494-42E9-A231-DA0B2E46BB41): 38
LogDevObjectVersion:   Dev-Framework (CFFC743F-43B0-4480-9391-14DF171D2073): 37
LogDevObjectVersion:   Dev-Mobile (B02B49B5-BB20-44E9-A304-32B752E40360): 2
LogDevObjectVersion:   Dev-Networking (A4E4105C-59A1-49B5-A7C5-40C4547EDFEE): 0
LogDevObjectVersion:   Dev-Online (39C831C9-5AE6-47DC-9A44-9C173E1C8E7C): 0
LogDevObjectVersion:   Dev-Physics (78F01B33-EBEA-4F98-B9B4-84EACCB95AA2): 4
LogDevObjectVersion:   Dev-Platform (6631380F-2D4D-43E0-8009-CF276956A95A): 0
LogDevObjectVersion:   Dev-Rendering (12F88B9F-8875-4AFC-A67C-D90C383ABD29): 43
LogDevObjectVersion:   Dev-Sequencer (7B5AE74C-D270-4C10-A958-57980B212A5A): 12
LogDevObjectVersion:   Dev-VR (D7296918-1DD6-4BDD-9DE2-64A83CC13884): 3
LogDevObjectVersion:   Dev-LoadTimes (C2A15278-BFE7-4AFE-6C17-90FF531DF755): 1
LogDevObjectVersion:   Private-Geometry (6EACA3D4-40EC-4CC1-B786-8BED09428FC5): 3
LogDevObjectVersion:   Dev-AnimPhys (29E575DD-E0A3-4627-9D10-D276232CDCEA): 17
LogDevObjectVersion:   Dev-Anim (AF43A65D-7FD3-4947-9873-3E8ED9C1BB05): 7
LogDevObjectVersion:   Dev-ReflectionCapture (6B266CEC-1EC7-4B8F-A30B-E4D90942FC07): 1
LogDevObjectVersion:   Dev-Automation (0DF73D61-A23F-47EA-B727-89E90C41499A): 1
LogDevObjectVersion:   FortniteMain (601D1886-AC64-4F84-AA16-D3DE0DEAC7D6): 31
LogDevObjectVersion:   Dev-Enterprise (9DFFBCD6-494F-0158-E221-12823C92A888): 10
LogDevObjectVersion:   Dev-Niagara (F2AED0AC-9AFE-416F-8664-AA7FFA26D6FC): 1
LogDevObjectVersion:   Dev-Destruction (174F1F0B-B4C6-45A5-B13F-2EE8D0FB917D): 10
LogDevObjectVersion:   Dev-Physics-Ext (35F94A83-E258-406C-A318-09F59610247C): 37
LogDevObjectVersion:   Dev-PhysicsMaterial-Chaos (B68FC16E-8B1B-42E2-B453-215C058844FE): 1
LogDevObjectVersion:   Dev-CineCamera (B2E18506-4273-CFC2-A54E-F4BB758BBA07): 1
LogInit: Presizing for max 25165824 objects, including 0 objects not considered by GC, pre-allocating 0 bytes for permanent pool.
LogConfig: Applying CVar settings from Section [/Script/Engine.StreamingSettings] File [E:/AMStudio/Valleys2/Valleys_UEp/Saved/Config/Windows/Engine.ini]
LogConfig: Setting CVar [[s.MinBulkDataSizeForAsyncLoading:131072]]
LogConfig: Setting CVar [[s.AsyncLoadingThreadEnabled:0]]
LogConfig: Setting CVar [[s.EventDrivenLoaderEnabled:1]]
LogConfig: Setting CVar [[s.WarnIfTimeLimitExceeded:0]]
LogConfig: Setting CVar [[s.TimeLimitExceededMultiplier:1.5]]
LogConfig: Setting CVar [[s.TimeLimitExceededMinTime:0.005]]
LogConfig: Setting CVar [[s.UseBackgroundLevelStreaming:1]]
LogConfig: Setting CVar [[s.PriorityAsyncLoadingExtraTime:15.0]]
LogConfig: Setting CVar [[s.LevelStreamingActorsUpdateTimeLimit:5.0]]
LogConfig: Setting CVar [[s.PriorityLevelStreamingActorsUpdateExtraTime:5.0]]
LogConfig: Setting CVar [[s.LevelStreamingComponentsRegistrationGranularity:10]]
LogConfig: Setting CVar [[s.UnregisterComponentsTimeLimit:1.0]]
LogConfig: Setting CVar [[s.LevelStreamingComponentsUnregistrationGranularity:5]]
LogConfig: Setting CVar [[s.FlushStreamingOnExit:1]]
LogInit: Object subsystem initialized
LogConfig: Setting CVar [[con.DebugEarlyDefault:1]]
LogConfig: Setting CVar [[r.setres:1280x720]]
[2022.07.23-13.44.17:013][  0]LogConfig: Setting CVar [[con.DebugEarlyDefault:1]]
[2022.07.23-13.44.17:013][  0]LogConfig: Setting CVar [[r.setres:1280x720]]
[2022.07.23-13.44.17:013][  0]LogConfig: Applying CVar settings from Section [/Script/Engine.RendererSettings] File [E:/AMStudio/Valleys2/Valleys_UEp/Saved/Config/Windows/Engine.ini]
[2022.07.23-13.44.17:013][  0]LogConfig: Setting CVar [[r.GPUCrashDebugging:0]]
[2022.07.23-13.44.17:013][  0]LogConfig: Setting CVar [[r.Mobile.DisableVertexFog:1]]
[2022.07.23-13.44.17:013][  0]LogConfig: Setting CVar [[r.Shadow.CSM.MaxMobileCascades:2]]
[2022.07.23-13.44.17:013][  0]LogConfig: Setting CVar [[r.MobileMSAA:1]]
[2022.07.23-13.44.17:013][  0]LogConfig: Setting CVar [[r.Mobile.UseLegacyShadingModel:0]]
[2022.07.23-13.44.17:013][  0]LogConfig: Setting CVar [[r.Mobile.AllowDitheredLODTransition:0]]
[2022.07.23-13.44.17:013][  0]LogConfig: Setting CVar [[r.Mobile.AllowSoftwareOcclusion:0]]
[2022.07.23-13.44.17:013][  0]LogConfig: Setting CVar [[r.Mobile.VirtualTextures:0]]
[2022.07.23-13.44.17:013][  0]LogConfig: Setting CVar [[r.DiscardUnusedQuality:0]]
[2022.07.23-13.44.17:013][  0]LogConfig: Setting CVar [[r.AllowOcclusionQueries:1]]
[2022.07.23-13.44.17:013][  0]LogConfig: Setting CVar [[r.MinScreenRadiusForLights:0.030000]]
[2022.07.23-13.44.17:013][  0]LogConfig: Setting CVar [[r.MinScreenRadiusForDepthPrepass:0.030000]]
[2022.07.23-13.44.17:013][  0]LogConfig: Setting CVar [[r.MinScreenRadiusForCSMDepth:0.010000]]
[2022.07.23-13.44.17:013][  0]LogConfig: Setting CVar [[r.PrecomputedVisibilityWarning:0]]
[2022.07.23-13.44.17:013][  0]LogConfig: Setting CVar [[r.TextureStreaming:1]]
[2022.07.23-13.44.17:013][  0]LogConfig: Setting CVar [[Compat.UseDXT5NormalMaps:0]]
[2022.07.23-13.44.17:013][  0]LogConfig: Setting CVar [[r.VirtualTextures:0]]
[2022.07.23-13.44.17:013][  0]LogConfig: Setting CVar [[r.VirtualTexturedLightmaps:0]]
[2022.07.23-13.44.17:013][  0]LogConfig: Setting CVar [[r.VT.TileSize:128]]
[2022.07.23-13.44.17:013][  0]LogConfig: Setting CVar [[r.VT.TileBorderSize:4]]
[2022.07.23-13.44.17:013][  0]LogConfig: Setting CVar [[r.vt.FeedbackFactor:16]]
[2022.07.23-13.44.17:013][  0]LogConfig: Setting CVar [[r.VT.EnableCompressZlib:1]]
[2022.07.23-13.44.17:013][  0]LogConfig: Setting CVar [[r.VT.EnableCompressCrunch:0]]
[2022.07.23-13.44.17:013][  0]LogConfig: Setting CVar [[r.ClearCoatNormal:0]]
[2022.07.23-13.44.17:013][  0]LogConfig: Setting CVar [[r.AnisotropicBRDF:0]]
[2022.07.23-13.44.17:013][  0]LogConfig: Setting CVar [[r.ReflectionCaptureResolution:128]]
[2022.07.23-13.44.17:013][  0]LogConfig: Setting CVar [[r.ReflectionEnvironmentLightmapMixBasedOnRoughness:1]]
[2022.07.23-13.44.17:013][  0]LogConfig: Setting CVar [[r.ForwardShading:0]]
[2022.07.23-13.44.17:013][  0]LogConfig: Setting CVar [[r.VertexFoggingForOpaque:1]]
[2022.07.23-13.44.17:013][  0]LogConfig: Setting CVar [[r.AllowStaticLighting:1]]
[2022.07.23-13.44.17:013][  0]LogConfig: Setting CVar [[r.NormalMapsForStaticLighting:0]]
[2022.07.23-13.44.17:013][  0]LogConfig: Setting CVar [[r.GenerateMeshDistanceFields:0]]
[2022.07.23-13.44.17:013][  0]LogConfig: Setting CVar [[r.DistanceFieldBuild.EightBit:0]]
[2022.07.23-13.44.17:013][  0]LogConfig: Setting CVar [[r.GenerateLandscapeGIData:0]]
[2022.07.23-13.44.17:013][  0]LogConfig: Setting CVar [[r.DistanceFieldBuild.Compress:0]]
[2022.07.23-13.44.17:013][  0]LogConfig: Setting CVar [[r.TessellationAdaptivePixelsPerTriangle:48.000000]]
[2022.07.23-13.44.17:013][  0]LogConfig: Setting CVar [[r.SeparateTranslucency:0]]
[2022.07.23-13.44.17:013][  0]LogConfig: Setting CVar [[r.TranslucentSortPolicy:0]]
[2022.07.23-13.44.17:013][  0]LogConfig: Setting CVar [[r.CustomDepth:1]]
[2022.07.23-13.44.17:013][  0]LogConfig: Setting CVar [[r.CustomDepthTemporalAAJitter:1]]
[2022.07.23-13.44.17:013][  0]LogConfig: Setting CVar [[r.PostProcessing.PropagateAlpha:0]]
[2022.07.23-13.44.17:013][  0]LogConfig: Setting CVar [[r.DefaultFeature.Bloom:0]]
[2022.07.23-13.44.17:013][  0]LogConfig: Setting CVar [[r.DefaultFeature.AmbientOcclusion:0]]
[2022.07.23-13.44.17:013][  0]LogConfig: Setting CVar [[r.DefaultFeature.AmbientOcclusionStaticFraction:1]]
[2022.07.23-13.44.17:013][  0]LogConfig: Setting CVar [[r.DefaultFeature.AutoExposure:0]]
[2022.07.23-13.44.17:013][  0]LogConfig: Setting CVar [[r.DefaultFeature.AutoExposure.Method:0]]
[2022.07.23-13.44.17:013][  0]LogConfig: Setting CVar [[r.DefaultFeature.AutoExposure.Bias:1.000000]]
[2022.07.23-13.44.17:013][  0]LogConfig: Setting CVar [[r.DefaultFeature.AutoExposure.ExtendDefaultLuminanceRange:0]]
[2022.07.23-13.44.17:013][  0]LogConfig: Setting CVar [[r.UsePreExposure:1]]
[2022.07.23-13.44.17:013][  0]LogConfig: Setting CVar [[r.EyeAdaptation.EditorOnly:0]]
[2022.07.23-13.44.17:013][  0]LogConfig: Setting CVar [[r.DefaultFeature.MotionBlur:0]]
[2022.07.23-13.44.17:013][  0]LogConfig: Setting CVar [[r.DefaultFeature.LensFlare:0]]
[2022.07.23-13.44.17:013][  0]LogConfig: Setting CVar [[r.TemporalAA.Upsampling:0]]
[2022.07.23-13.44.17:013][  0]LogConfig: Setting CVar [[r.SSGI.Enable:0]]
[2022.07.23-13.44.17:013][  0]LogConfig: Setting CVar [[r.DefaultFeature.AntiAliasing:0]]
[2022.07.23-13.44.17:013][  0]LogConfig: Setting CVar [[r.DefaultFeature.LightUnits:1]]
[2022.07.23-13.44.17:013][  0]LogConfig: Setting CVar [[r.DefaultBackBufferPixelFormat:4]]
[2022.07.23-13.44.17:013][  0]LogConfig: Setting CVar [[r.Shadow.UnbuiltPreviewInGame:1]]
[2022.07.23-13.44.17:013][  0]LogConfig: Setting CVar [[r.StencilForLODDither:0]]
[2022.07.23-13.44.17:013][  0]LogConfig: Setting CVar [[r.EarlyZPass:3]]
[2022.07.23-13.44.17:013][  0]LogConfig: Setting CVar [[r.EarlyZPassOnlyMaterialMasking:0]]
[2022.07.23-13.44.17:013][  0]LogConfig: Setting CVar [[r.DBuffer:1]]
[2022.07.23-13.44.17:013][  0]LogConfig: Setting CVar [[r.ClearSceneMethod:1]]
[2022.07.23-13.44.17:013][  0]LogConfig: Setting CVar [[r.BasePassOutputsVelocity:0]]
[2022.07.23-13.44.17:013][  0]LogConfig: Setting CVar [[r.VertexDeformationOutputsVelocity:0]]
[2022.07.23-13.44.17:013][  0]LogConfig: Setting CVar [[r.SelectiveBasePassOutputs:0]]
[2022.07.23-13.44.17:013][  0]LogConfig: Setting CVar [[fx.GPUSimulationTextureSizeX:1024]]
[2022.07.23-13.44.17:013][  0]LogConfig: Setting CVar [[fx.GPUSimulationTextureSizeY:1024]]
[2022.07.23-13.44.17:013][  0]LogConfig: Setting CVar [[r.AllowGlobalClipPlane:0]]
[2022.07.23-13.44.17:013][  0]LogConfig: Setting CVar [[r.GBufferFormat:1]]
[2022.07.23-13.44.17:013][  0]LogConfig: Setting CVar [[r.MorphTarget.Mode:1]]
[2022.07.23-13.44.17:014][  0]LogConfig: Setting CVar [[vr.InstancedStereo:0]]
[2022.07.23-13.44.17:014][  0]LogConfig: Setting CVar [[r.MobileHDR:1]]
[2022.07.23-13.44.17:014][  0]LogConfig: Setting CVar [[vr.MobileMultiView:0]]
[2022.07.23-13.44.17:014][  0]LogConfig: Setting CVar [[r.Mobile.UseHWsRGBEncoding:0]]
[2022.07.23-13.44.17:014][  0]LogConfig: Setting CVar [[vr.RoundRobinOcclusion:0]]
[2022.07.23-13.44.17:014][  0]LogConfig: Setting CVar [[vr.ODSCapture:0]]
[2022.07.23-13.44.17:014][  0]LogConfig: Setting CVar [[r.MeshStreaming:0]]
[2022.07.23-13.44.17:014][  0]LogConfig: Setting CVar [[r.WireframeCullThreshold:5.000000]]
[2022.07.23-13.44.17:014][  0]LogConfig: Setting CVar [[r.RayTracing:0]]
[2022.07.23-13.44.17:014][  0]LogConfig: Setting CVar [[r.RayTracing.UseTextureLod:0]]
[2022.07.23-13.44.17:014][  0]LogConfig: Setting CVar [[r.SupportStationarySkylight:1]]
[2022.07.23-13.44.17:014][  0]LogConfig: Setting CVar [[r.SupportLowQualityLightmaps:1]]
[2022.07.23-13.44.17:014][  0]LogConfig: Setting CVar [[r.SupportPointLightWholeSceneShadows:1]]
[2022.07.23-13.44.17:014][  0]LogConfig: Setting CVar [[r.SupportAtmosphericFog:1]]
[2022.07.23-13.44.17:014][  0]LogConfig: Setting CVar [[r.SupportSkyAtmosphere:1]]
[2022.07.23-13.44.17:014][  0]LogConfig: Setting CVar [[r.SupportSkyAtmosphereAffectsHeightFog:0]]
[2022.07.23-13.44.17:014][  0]LogConfig: Setting CVar [[r.SkinCache.CompileShaders:0]]
[2022.07.23-13.44.17:014][  0]LogConfig: Setting CVar [[r.SkinCache.DefaultBehavior:1]]
[2022.07.23-13.44.17:014][  0]LogConfig: Setting CVar [[r.SkinCache.SceneMemoryLimitInMB:128.000000]]
[2022.07.23-13.44.17:014][  0]LogConfig: Setting CVar [[r.Mobile.EnableStaticAndCSMShadowReceivers:1]]
[2022.07.23-13.44.17:014][  0]LogConfig: Setting CVar [[r.Mobile.EnableMovableLightCSMShaderCulling:1]]
[2022.07.23-13.44.17:014][  0]LogConfig: Setting CVar [[r.Mobile.AllowDistanceFieldShadows:1]]
[2022.07.23-13.44.17:014][  0]LogConfig: Setting CVar [[r.Mobile.AllowMovableDirectionalLights:1]]
[2022.07.23-13.44.17:014][  0]LogConfig: Setting CVar [[r.MobileNumDynamicPointLights:4]]
[2022.07.23-13.44.17:014][  0]LogConfig: Setting CVar [[r.MobileDynamicPointLightsUseStaticBranch:1]]
[2022.07.23-13.44.17:014][  0]LogConfig: Setting CVar [[r.Mobile.EnableMovableSpotlights:0]]
[2022.07.23-13.44.17:014][  0]LogConfig: Setting CVar [[r.GPUSkin.Support16BitBoneIndex:0]]
[2022.07.23-13.44.17:014][  0]LogConfig: Setting CVar [[r.GPUSkin.Limit2BoneInfluences:0]]
[2022.07.23-13.44.17:014][  0]LogConfig: Setting CVar [[r.SupportDepthOnlyIndexBuffers:1]]
[2022.07.23-13.44.17:014][  0]LogConfig: Setting CVar [[r.SupportReversedIndexBuffers:1]]
[2022.07.23-13.44.17:014][  0]LogConfig: Setting CVar [[r.SupportMaterialLayers:0]]
[2022.07.23-13.44.17:014][  0]LogConfig: Setting CVar [[r.LightPropagationVolume:0]]
[2022.07.23-13.44.17:014][  0]LogConfig: Applying CVar settings from Section [/Script/Engine.RendererOverrideSettings] File [E:/AMStudio/Valleys2/Valleys_UEp/Saved/Config/Windows/Engine.ini]
[2022.07.23-13.44.17:014][  0]LogConfig: Applying CVar settings from Section [/Script/Engine.StreamingSettings] File [E:/AMStudio/Valleys2/Valleys_UEp/Saved/Config/Windows/Engine.ini]
[2022.07.23-13.44.17:014][  0]LogConfig: Setting CVar [[s.MinBulkDataSizeForAsyncLoading:131072]]
[2022.07.23-13.44.17:014][  0]LogConfig: Setting CVar [[s.AsyncLoadingThreadEnabled:0]]
[2022.07.23-13.44.17:014][  0]LogConfig: Setting CVar [[s.EventDrivenLoaderEnabled:1]]
[2022.07.23-13.44.17:014][  0]LogConfig: Setting CVar [[s.WarnIfTimeLimitExceeded:0]]
[2022.07.23-13.44.17:014][  0]LogConfig: Setting CVar [[s.TimeLimitExceededMultiplier:1.5]]
[2022.07.23-13.44.17:014][  0]LogConfig: Setting CVar [[s.TimeLimitExceededMinTime:0.005]]
[2022.07.23-13.44.17:014][  0]LogConfig: Setting CVar [[s.UseBackgroundLevelStreaming:1]]
[2022.07.23-13.44.17:014][  0]LogConfig: Setting CVar [[s.PriorityAsyncLoadingExtraTime:15.0]]
[2022.07.23-13.44.17:014][  0]LogConfig: Setting CVar [[s.LevelStreamingActorsUpdateTimeLimit:5.0]]
[2022.07.23-13.44.17:014][  0]LogConfig: Setting CVar [[s.PriorityLevelStreamingActorsUpdateExtraTime:5.0]]
[2022.07.23-13.44.17:014][  0]LogConfig: Setting CVar [[s.LevelStreamingComponentsRegistrationGranularity:10]]
[2022.07.23-13.44.17:014][  0]LogConfig: Setting CVar [[s.UnregisterComponentsTimeLimit:1.0]]
[2022.07.23-13.44.17:014][  0]LogConfig: Setting CVar [[s.LevelStreamingComponentsUnregistrationGranularity:5]]
[2022.07.23-13.44.17:014][  0]LogConfig: Setting CVar [[s.FlushStreamingOnExit:1]]
[2022.07.23-13.44.17:014][  0]LogConfig: Applying CVar settings from Section [/Script/Engine.GarbageCollectionSettings] File [E:/AMStudio/Valleys2/Valleys_UEp/Saved/Config/Windows/Engine.ini]
[2022.07.23-13.44.17:014][  0]LogConfig: Setting CVar [[gc.MaxObjectsNotConsideredByGC:1]]
[2022.07.23-13.44.17:014][  0]LogConfig: Setting CVar [[gc.SizeOfPermanentObjectPool:0]]
[2022.07.23-13.44.17:014][  0]LogConfig: Setting CVar [[gc.FlushStreamingOnGC:0]]
[2022.07.23-13.44.17:014][  0]LogConfig: Setting CVar [[gc.NumRetriesBeforeForcingGC:10]]
[2022.07.23-13.44.17:014][  0]LogConfig: Setting CVar [[gc.AllowParallelGC:1]]
[2022.07.23-13.44.17:014][  0]LogConfig: Setting CVar [[gc.TimeBetweenPurgingPendingKillObjects:61.1]]
[2022.07.23-13.44.17:014][  0]LogConfig: Setting CVar [[gc.MaxObjectsInEditor:25165824]]
[2022.07.23-13.44.17:014][  0]LogConfig: Setting CVar [[gc.IncrementalBeginDestroyEnabled:1]]
[2022.07.23-13.44.17:014][  0]LogConfig: Setting CVar [[gc.CreateGCClusters:1]]
[2022.07.23-13.44.17:014][  0]LogConfig: Setting CVar [[gc.MinGCClusterSize:5]]
[2022.07.23-13.44.17:014][  0]LogConfig: Setting CVar [[gc.ActorClusteringEnabled:0]]
[2022.07.23-13.44.17:014][  0]LogConfig: Setting CVar [[gc.BlueprintClusteringEnabled:0]]
[2022.07.23-13.44.17:014][  0]LogConfig: Setting CVar [[gc.UseDisregardForGCOnDedicatedServers:0]]
[2022.07.23-13.44.17:014][  0]LogConfig: Applying CVar settings from Section [/Script/Engine.NetworkSettings] File [E:/AMStudio/Valleys2/Valleys_UEp/Saved/Config/Windows/Engine.ini]
[2022.07.23-13.44.17:014][  0]LogConfig: Applying CVar settings from Section [/Script/UnrealEd.CookerSettings] File [E:/AMStudio/Valleys2/Valleys_UEp/Saved/Config/Windows/Engine.ini]
[2022.07.23-13.44.17:016][  0]LogConfig: Applying CVar settings from Section [ViewDistanceQuality@3] File [E:/AMStudio/Valleys2/Valleys_UEp/Saved/Config/Windows/Scalability.ini]
[2022.07.23-13.44.17:016][  0]LogConfig: Setting CVar [[r.SkeletalMeshLODBias:0]]
[2022.07.23-13.44.17:016][  0]LogConfig: Setting CVar [[r.ViewDistanceScale:1.0]]
[2022.07.23-13.44.17:016][  0]LogConfig: Applying CVar settings from Section [AntiAliasingQuality@3] File [E:/AMStudio/Valleys2/Valleys_UEp/Saved/Config/Windows/Scalability.ini]
[2022.07.23-13.44.17:016][  0]LogConfig: Setting CVar [[r.PostProcessAAQuality:4]]
[2022.07.23-13.44.17:016][  0]LogConfig: Applying CVar settings from Section [ShadowQuality@3] File [E:/AMStudio/Valleys2/Valleys_UEp/Saved/Config/Windows/Scalability.ini]
[2022.07.23-13.44.17:016][  0]LogConfig: Setting CVar [[r.LightFunctionQuality:1]]
[2022.07.23-13.44.17:016][  0]LogConfig: Setting CVar [[r.ShadowQuality:5]]
[2022.07.23-13.44.17:016][  0]LogConfig: Setting CVar [[r.Shadow.CSM.MaxCascades:10]]
[2022.07.23-13.44.17:016][  0]LogConfig: Setting CVar [[r.Shadow.MaxResolution:2048]]
[2022.07.23-13.44.17:016][  0]LogConfig: Setting CVar [[r.Shadow.MaxCSMResolution:2048]]
[2022.07.23-13.44.17:016][  0]LogConfig: Setting CVar [[r.Shadow.RadiusThreshold:0.01]]
[2022.07.23-13.44.17:016][  0]LogConfig: Setting CVar [[r.Shadow.DistanceScale:1.0]]
[2022.07.23-13.44.17:016][  0]LogConfig: Setting CVar [[r.Shadow.CSM.TransitionScale:1.0]]
[2022.07.23-13.44.17:016][  0]LogConfig: Setting CVar [[r.Shadow.PreShadowResolutionFactor:1.0]]
[2022.07.23-13.44.17:016][  0]LogConfig: Setting CVar [[r.DistanceFieldShadowing:1]]
[2022.07.23-13.44.17:016][  0]LogConfig: Setting CVar [[r.DistanceFieldAO:1]]
[2022.07.23-13.44.17:016][  0]LogConfig: Setting CVar [[r.AOQuality:2]]
[2022.07.23-13.44.17:016][  0]LogConfig: Setting CVar [[r.VolumetricFog:1]]
[2022.07.23-13.44.17:016][  0]LogConfig: Setting CVar [[r.VolumetricFog.GridPixelSize:8]]
[2022.07.23-13.44.17:016][  0]LogConfig: Setting CVar [[r.VolumetricFog.GridSizeZ:128]]
[2022.07.23-13.44.17:016][  0]LogConfig: Setting CVar [[r.VolumetricFog.HistoryMissSupersampleCount:4]]
[2022.07.23-13.44.17:017][  0]LogConfig: Setting CVar [[r.LightMaxDrawDistanceScale:1]]
[2022.07.23-13.44.17:017][  0]LogConfig: Setting CVar [[r.CapsuleShadows:1]]
[2022.07.23-13.44.17:017][  0]LogConfig: Applying CVar settings from Section [PostProcessQuality@3] File [E:/AMStudio/Valleys2/Valleys_UEp/Saved/Config/Windows/Scalability.ini]
[2022.07.23-13.44.17:017][  0]LogConfig: Setting CVar [[r.MotionBlurQuality:4]]
[2022.07.23-13.44.17:017][  0]LogConfig: Setting CVar [[r.AmbientOcclusionMipLevelFactor:0.4]]
[2022.07.23-13.44.17:017][  0]LogConfig: Setting CVar [[r.AmbientOcclusionMaxQuality:100]]
[2022.07.23-13.44.17:017][  0]LogConfig: Setting CVar [[r.AmbientOcclusionLevels:-1]]
[2022.07.23-13.44.17:017][  0]LogConfig: Setting CVar [[r.AmbientOcclusionRadiusScale:1.0]]
[2022.07.23-13.44.17:017][  0]LogConfig: Setting CVar [[r.DepthOfFieldQuality:2]]
[2022.07.23-13.44.17:017][  0]LogConfig: Setting CVar [[r.RenderTargetPoolMin:400]]
[2022.07.23-13.44.17:017][  0]LogConfig: Setting CVar [[r.LensFlareQuality:2]]
[2022.07.23-13.44.17:017][  0]LogConfig: Setting CVar [[r.SceneColorFringeQuality:1]]
[2022.07.23-13.44.17:017][  0]LogConfig: Setting CVar [[r.EyeAdaptationQuality:2]]
[2022.07.23-13.44.17:017][  0]LogConfig: Setting CVar [[r.BloomQuality:5]]
[2022.07.23-13.44.17:017][  0]LogConfig: Setting CVar [[r.FastBlurThreshold:100]]
[2022.07.23-13.44.17:017][  0]LogConfig: Setting CVar [[r.Upscale.Quality:3]]
[2022.07.23-13.44.17:017][  0]LogConfig: Setting CVar [[r.Tonemapper.GrainQuantization:1]]
[2022.07.23-13.44.17:017][  0]LogConfig: Setting CVar [[r.LightShaftQuality:1]]
[2022.07.23-13.44.17:017][  0]LogConfig: Setting CVar [[r.Filter.SizeScale:1]]
[2022.07.23-13.44.17:017][  0]LogConfig: Setting CVar [[r.Tonemapper.Quality:5]]
[2022.07.23-13.44.17:017][  0]LogConfig: Setting CVar [[r.DOF.Gather.AccumulatorQuality:1        ; higher gathering accumulator quality]]
[2022.07.23-13.44.17:017][  0]LogConfig: Setting CVar [[r.DOF.Gather.PostfilterMethod:1          ; Median3x3 postfilering method]]
[2022.07.23-13.44.17:017][  0]LogConfig: Setting CVar [[r.DOF.Gather.EnableBokehSettings:0       ; no bokeh simulation when gathering]]
[2022.07.23-13.44.17:017][  0]LogConfig: Setting CVar [[r.DOF.Gather.RingCount:4                 ; medium number of samples when gathering]]
[2022.07.23-13.44.17:017][  0]LogConfig: Setting CVar [[r.DOF.Scatter.ForegroundCompositing:1    ; additive foreground scattering]]
[2022.07.23-13.44.17:017][  0]LogConfig: Setting CVar [[r.DOF.Scatter.BackgroundCompositing:2    ; additive background scattering]]
[2022.07.23-13.44.17:017][  0]LogConfig: Setting CVar [[r.DOF.Scatter.EnableBokehSettings:1      ; bokeh simulation when scattering]]
[2022.07.23-13.44.17:017][  0]LogConfig: Setting CVar [[r.DOF.Scatter.MaxSpriteRatio:0.1         ; only a maximum of 10% of scattered bokeh]]
[2022.07.23-13.44.17:017][  0]LogConfig: Setting CVar [[r.DOF.Recombine.Quality:1                ; cheap slight out of focus]]
[2022.07.23-13.44.17:017][  0]LogConfig: Setting CVar [[r.DOF.Recombine.EnableBokehSettings:0    ; no bokeh simulation on slight out of focus]]
[2022.07.23-13.44.17:017][  0]LogConfig: Setting CVar [[r.DOF.TemporalAAQuality:1                ; more stable temporal accumulation]]
[2022.07.23-13.44.17:017][  0]LogConfig: Setting CVar [[r.DOF.Kernel.MaxForegroundRadius:0.025]]
[2022.07.23-13.44.17:017][  0]LogConfig: Setting CVar [[r.DOF.Kernel.MaxBackgroundRadius:0.025]]
[2022.07.23-13.44.17:017][  0]LogConfig: Applying CVar settings from Section [TextureQuality@3] File [E:/AMStudio/Valleys2/Valleys_UEp/Saved/Config/Windows/Scalability.ini]
[2022.07.23-13.44.17:017][  0]LogConfig: Setting CVar [[r.Streaming.MipBias:0]]
[2022.07.23-13.44.17:017][  0]LogConfig: Setting CVar [[r.Streaming.AmortizeCPUToGPUCopy:0]]
[2022.07.23-13.44.17:017][  0]LogConfig: Setting CVar [[r.Streaming.MaxNumTexturesToStreamPerFrame:0]]
[2022.07.23-13.44.17:017][  0]LogConfig: Setting CVar [[r.Streaming.Boost:1]]
[2022.07.23-13.44.17:017][  0]LogConfig: Setting CVar [[r.MaxAnisotropy:8]]
[2022.07.23-13.44.17:017][  0]LogConfig: Setting CVar [[r.VT.MaxAnisotropy:8]]
[2022.07.23-13.44.17:017][  0]LogConfig: Setting CVar [[r.Streaming.LimitPoolSizeToVRAM:0]]
[2022.07.23-13.44.17:017][  0]LogConfig: Setting CVar [[r.Streaming.PoolSize:1000]]
[2022.07.23-13.44.17:017][  0]LogConfig: Setting CVar [[r.Streaming.MaxEffectiveScreenSize:0]]
[2022.07.23-13.44.17:017][  0]LogConfig: Applying CVar settings from Section [EffectsQuality@3] File [E:/AMStudio/Valleys2/Valleys_UEp/Saved/Config/Windows/Scalability.ini]
[2022.07.23-13.44.17:017][  0]LogConfig: Setting CVar [[r.TranslucencyLightingVolumeDim:64]]
[2022.07.23-13.44.17:017][  0]LogConfig: Setting CVar [[r.RefractionQuality:2]]
[2022.07.23-13.44.17:017][  0]LogConfig: Setting CVar [[r.SSR.Quality:3]]
[2022.07.23-13.44.17:017][  0]LogConfig: Setting CVar [[r.SSR.HalfResSceneColor:0]]
[2022.07.23-13.44.17:017][  0]LogConfig: Setting CVar [[r.SceneColorFormat:4]]
[2022.07.23-13.44.17:017][  0]LogConfig: Setting CVar [[r.DetailMode:2]]
[2022.07.23-13.44.17:017][  0]LogConfig: Setting CVar [[r.TranslucencyVolumeBlur:1]]
[2022.07.23-13.44.17:017][  0]LogConfig: Setting CVar [[r.MaterialQualityLevel:1 ; High quality]]
[2022.07.23-13.44.17:017][  0]LogConfig: Setting CVar [[r.SSS.Scale:1]]
[2022.07.23-13.44.17:017][  0]LogConfig: Setting CVar [[r.SSS.SampleSet:2]]
[2022.07.23-13.44.17:017][  0]LogConfig: Setting CVar [[r.SSS.Quality:1]]
[2022.07.23-13.44.17:017][  0]LogConfig: Setting CVar [[r.SSS.HalfRes:0]]
[2022.07.23-13.44.17:017][  0]LogConfig: Setting CVar [[r.SSGI.Quality:3]]
[2022.07.23-13.44.17:017][  0]LogConfig: Setting CVar [[r.EmitterSpawnRateScale:1.0]]
[2022.07.23-13.44.17:017][  0]LogConfig: Setting CVar [[r.ParticleLightQuality:2]]
[2022.07.23-13.44.17:017][  0]LogConfig: Setting CVar [[r.SkyAtmosphere.AerialPerspectiveLUT.FastApplyOnOpaque:1 ; Always have FastSkyLUT 1 in this case to avoid wrong sky]]
[2022.07.23-13.44.17:017][  0]LogConfig: Setting CVar [[r.SkyAtmosphere.AerialPerspectiveLUT.SampleCountPerSlice:1]]
[2022.07.23-13.44.17:017][  0]LogConfig: Setting CVar [[r.SkyAtmosphere.AerialPerspectiveLUT.DepthResolution:16.0]]
[2022.07.23-13.44.17:017][  0]LogConfig: Setting CVar [[r.SkyAtmosphere.FastSkyLUT:1]]
[2022.07.23-13.44.17:017][  0]LogConfig: Setting CVar [[r.SkyAtmosphere.FastSkyLUT.SampleCountMin:4.0]]
[2022.07.23-13.44.17:017][  0]LogConfig: Setting CVar [[r.SkyAtmosphere.FastSkyLUT.SampleCountMax:32.0]]
[2022.07.23-13.44.17:017][  0]LogConfig: Setting CVar [[r.SkyAtmosphere.SampleCountMin:4.0]]
[2022.07.23-13.44.17:017][  0]LogConfig: Setting CVar [[r.SkyAtmosphere.SampleCountMax:32.0]]
[2022.07.23-13.44.17:017][  0]LogConfig: Setting CVar [[r.SkyAtmosphere.TransmittanceLUT.UseSmallFormat:0]]
[2022.07.23-13.44.17:017][  0]LogConfig: Setting CVar [[r.SkyAtmosphere.TransmittanceLUT.SampleCount:10.0]]
[2022.07.23-13.44.17:017][  0]LogConfig: Setting CVar [[r.SkyAtmosphere.MultiScatteringLUT.SampleCount:15.0]]
[2022.07.23-13.44.17:017][  0]LogConfig: Applying CVar settings from Section [FoliageQuality@3] File [E:/AMStudio/Valleys2/Valleys_UEp/Saved/Config/Windows/Scalability.ini]
[2022.07.23-13.44.17:017][  0]LogConfig: Setting CVar [[foliage.DensityScale:1.0]]
[2022.07.23-13.44.17:017][  0]LogConfig: Setting CVar [[grass.DensityScale:1.0]]
[2022.07.23-13.44.17:017][  0]LogConfig: Applying CVar settings from Section [ShadingQuality@3] File [E:/AMStudio/Valleys2/Valleys_UEp/Saved/Config/Windows/Scalability.ini]
[2022.07.23-13.44.17:017][  0]LogConfig: Setting CVar [[r.HairStrands.SkyLighting.SampleCount:16]]
[2022.07.23-13.44.17:017][  0]LogConfig: Setting CVar [[r.HairStrands.SkyLighting.JitterIntegration:0]]
[2022.07.23-13.44.17:017][  0]LogConfig: Setting CVar [[r.HairStrands.SkyAO.SampleCount:16]]
[2022.07.23-13.44.17:017][  0]LogConfig: Setting CVar [[r.HairStrands.DeepShadow.SuperSampling:0]]
[2022.07.23-13.44.17:017][  0]LogConfig: Setting CVar [[r.HairStrands.VisibilityPPLL:0]]
[2022.07.23-13.44.17:017][  0]LogConfig: Setting CVar [[r.HairStrands.RasterizationScale:0.5]]
[2022.07.23-13.44.17:017][  0]LogConfig: Setting CVar [[r.HairStrands.VelocityRasterizationScale:1]]
[2022.07.23-13.44.17:017][  0]LogInit: Selected Device Profile: [Windows]
[2022.07.23-13.44.17:018][  0]LogInit: Applying CVar settings loaded from the selected device profile: [Windows]
[2022.07.23-13.44.17:018][  0]LogHAL: Display: Platform has ~ 32 GB [34267480064 / 34359738368 / 32], which maps to Largest [LargestMinGB=32, LargerMinGB=12, DefaultMinGB=8, SmallerMinGB=6, SmallestMinGB=0)
[2022.07.23-13.44.17:018][  0]LogInit: Going up to parent DeviceProfile []
[2022.07.23-13.44.17:018][  0]LogConfig: Applying CVar settings from Section [ViewDistanceQuality@3] File [E:/AMStudio/Valleys2/Valleys_UEp/Saved/Config/Windows/Scalability.ini]
[2022.07.23-13.44.17:018][  0]LogConfig: Setting CVar [[r.SkeletalMeshLODBias:0]]
[2022.07.23-13.44.17:018][  0]LogConfig: Setting CVar [[r.ViewDistanceScale:1.0]]
[2022.07.23-13.44.17:018][  0]LogConfig: Applying CVar settings from Section [AntiAliasingQuality@3] File [E:/AMStudio/Valleys2/Valleys_UEp/Saved/Config/Windows/Scalability.ini]
[2022.07.23-13.44.17:018][  0]LogConfig: Setting CVar [[r.PostProcessAAQuality:4]]
[2022.07.23-13.44.17:018][  0]LogConfig: Applying CVar settings from Section [ShadowQuality@3] File [E:/AMStudio/Valleys2/Valleys_UEp/Saved/Config/Windows/Scalability.ini]
[2022.07.23-13.44.17:018][  0]LogConfig: Setting CVar [[r.LightFunctionQuality:1]]
[2022.07.23-13.44.17:018][  0]LogConfig: Setting CVar [[r.ShadowQuality:5]]
[2022.07.23-13.44.17:018][  0]LogConfig: Setting CVar [[r.Shadow.CSM.MaxCascades:10]]
[2022.07.23-13.44.17:018][  0]LogConfig: Setting CVar [[r.Shadow.MaxResolution:2048]]
[2022.07.23-13.44.17:018][  0]LogConfig: Setting CVar [[r.Shadow.MaxCSMResolution:2048]]
[2022.07.23-13.44.17:018][  0]LogConfig: Setting CVar [[r.Shadow.RadiusThreshold:0.01]]
[2022.07.23-13.44.17:018][  0]LogConfig: Setting CVar [[r.Shadow.DistanceScale:1.0]]
[2022.07.23-13.44.17:018][  0]LogConfig: Setting CVar [[r.Shadow.CSM.TransitionScale:1.0]]
[2022.07.23-13.44.17:018][  0]LogConfig: Setting CVar [[r.Shadow.PreShadowResolutionFactor:1.0]]
[2022.07.23-13.44.17:018][  0]LogConfig: Setting CVar [[r.DistanceFieldShadowing:1]]
[2022.07.23-13.44.17:018][  0]LogConfig: Setting CVar [[r.DistanceFieldAO:1]]
[2022.07.23-13.44.17:018][  0]LogConfig: Setting CVar [[r.AOQuality:2]]
[2022.07.23-13.44.17:018][  0]LogConfig: Setting CVar [[r.VolumetricFog:1]]
[2022.07.23-13.44.17:018][  0]LogConfig: Setting CVar [[r.VolumetricFog.GridPixelSize:8]]
[2022.07.23-13.44.17:018][  0]LogConfig: Setting CVar [[r.VolumetricFog.GridSizeZ:128]]
[2022.07.23-13.44.17:018][  0]LogConfig: Setting CVar [[r.VolumetricFog.HistoryMissSupersampleCount:4]]
[2022.07.23-13.44.17:018][  0]LogConfig: Setting CVar [[r.LightMaxDrawDistanceScale:1]]
[2022.07.23-13.44.17:018][  0]LogConfig: Setting CVar [[r.CapsuleShadows:1]]
[2022.07.23-13.44.17:018][  0]LogConfig: Applying CVar settings from Section [PostProcessQuality@3] File [E:/AMStudio/Valleys2/Valleys_UEp/Saved/Config/Windows/Scalability.ini]
[2022.07.23-13.44.17:018][  0]LogConfig: Setting CVar [[r.MotionBlurQuality:4]]
[2022.07.23-13.44.17:018][  0]LogConfig: Setting CVar [[r.AmbientOcclusionMipLevelFactor:0.4]]
[2022.07.23-13.44.17:018][  0]LogConfig: Setting CVar [[r.AmbientOcclusionMaxQuality:100]]
[2022.07.23-13.44.17:018][  0]LogConfig: Setting CVar [[r.AmbientOcclusionLevels:-1]]
[2022.07.23-13.44.17:018][  0]LogConfig: Setting CVar [[r.AmbientOcclusionRadiusScale:1.0]]
[2022.07.23-13.44.17:018][  0]LogConfig: Setting CVar [[r.DepthOfFieldQuality:2]]
[2022.07.23-13.44.17:018][  0]LogConfig: Setting CVar [[r.RenderTargetPoolMin:400]]
[2022.07.23-13.44.17:018][  0]LogConfig: Setting CVar [[r.LensFlareQuality:2]]
[2022.07.23-13.44.17:018][  0]LogConfig: Setting CVar [[r.SceneColorFringeQuality:1]]
[2022.07.23-13.44.17:018][  0]LogConfig: Setting CVar [[r.EyeAdaptationQuality:2]]
[2022.07.23-13.44.17:018][  0]LogConfig: Setting CVar [[r.BloomQuality:5]]
[2022.07.23-13.44.17:018][  0]LogConfig: Setting CVar [[r.FastBlurThreshold:100]]
[2022.07.23-13.44.17:018][  0]LogConfig: Setting CVar [[r.Upscale.Quality:3]]
[2022.07.23-13.44.17:018][  0]LogConfig: Setting CVar [[r.Tonemapper.GrainQuantization:1]]
[2022.07.23-13.44.17:018][  0]LogConfig: Setting CVar [[r.LightShaftQuality:1]]
[2022.07.23-13.44.17:018][  0]LogConfig: Setting CVar [[r.Filter.SizeScale:1]]
[2022.07.23-13.44.17:018][  0]LogConfig: Setting CVar [[r.Tonemapper.Quality:5]]
[2022.07.23-13.44.17:018][  0]LogConfig: Setting CVar [[r.DOF.Gather.AccumulatorQuality:1        ; higher gathering accumulator quality]]
[2022.07.23-13.44.17:018][  0]LogConfig: Setting CVar [[r.DOF.Gather.PostfilterMethod:1          ; Median3x3 postfilering method]]
[2022.07.23-13.44.17:018][  0]LogConfig: Setting CVar [[r.DOF.Gather.EnableBokehSettings:0       ; no bokeh simulation when gathering]]
[2022.07.23-13.44.17:018][  0]LogConfig: Setting CVar [[r.DOF.Gather.RingCount:4                 ; medium number of samples when gathering]]
[2022.07.23-13.44.17:018][  0]LogConfig: Setting CVar [[r.DOF.Scatter.ForegroundCompositing:1    ; additive foreground scattering]]
[2022.07.23-13.44.17:018][  0]LogConfig: Setting CVar [[r.DOF.Scatter.BackgroundCompositing:2    ; additive background scattering]]
[2022.07.23-13.44.17:018][  0]LogConfig: Setting CVar [[r.DOF.Scatter.EnableBokehSettings:1      ; bokeh simulation when scattering]]
[2022.07.23-13.44.17:018][  0]LogConfig: Setting CVar [[r.DOF.Scatter.MaxSpriteRatio:0.1         ; only a maximum of 10% of scattered bokeh]]
[2022.07.23-13.44.17:018][  0]LogConfig: Setting CVar [[r.DOF.Recombine.Quality:1                ; cheap slight out of focus]]
[2022.07.23-13.44.17:018][  0]LogConfig: Setting CVar [[r.DOF.Recombine.EnableBokehSettings:0    ; no bokeh simulation on slight out of focus]]
[2022.07.23-13.44.17:018][  0]LogConfig: Setting CVar [[r.DOF.TemporalAAQuality:1                ; more stable temporal accumulation]]
[2022.07.23-13.44.17:018][  0]LogConfig: Setting CVar [[r.DOF.Kernel.MaxForegroundRadius:0.025]]
[2022.07.23-13.44.17:018][  0]LogConfig: Setting CVar [[r.DOF.Kernel.MaxBackgroundRadius:0.025]]
[2022.07.23-13.44.17:018][  0]LogConfig: Applying CVar settings from Section [TextureQuality@3] File [E:/AMStudio/Valleys2/Valleys_UEp/Saved/Config/Windows/Scalability.ini]
[2022.07.23-13.44.17:018][  0]LogConfig: Setting CVar [[r.Streaming.MipBias:0]]
[2022.07.23-13.44.17:018][  0]LogConfig: Setting CVar [[r.Streaming.AmortizeCPUToGPUCopy:0]]
[2022.07.23-13.44.17:018][  0]LogConfig: Setting CVar [[r.Streaming.MaxNumTexturesToStreamPerFrame:0]]
[2022.07.23-13.44.17:018][  0]LogConfig: Setting CVar [[r.Streaming.Boost:1]]
[2022.07.23-13.44.17:018][  0]LogConfig: Setting CVar [[r.MaxAnisotropy:8]]
[2022.07.23-13.44.17:018][  0]LogConfig: Setting CVar [[r.VT.MaxAnisotropy:8]]
[2022.07.23-13.44.17:018][  0]LogConfig: Setting CVar [[r.Streaming.LimitPoolSizeToVRAM:0]]
[2022.07.23-13.44.17:018][  0]LogConfig: Setting CVar [[r.Streaming.PoolSize:1000]]
[2022.07.23-13.44.17:018][  0]LogConfig: Setting CVar [[r.Streaming.MaxEffectiveScreenSize:0]]
[2022.07.23-13.44.17:018][  0]LogConfig: Applying CVar settings from Section [EffectsQuality@3] File [E:/AMStudio/Valleys2/Valleys_UEp/Saved/Config/Windows/Scalability.ini]
[2022.07.23-13.44.17:018][  0]LogConfig: Setting CVar [[r.TranslucencyLightingVolumeDim:64]]
[2022.07.23-13.44.17:018][  0]LogConfig: Setting CVar [[r.RefractionQuality:2]]
[2022.07.23-13.44.17:018][  0]LogConfig: Setting CVar [[r.SSR.Quality:3]]
[2022.07.23-13.44.17:018][  0]LogConfig: Setting CVar [[r.SSR.HalfResSceneColor:0]]
[2022.07.23-13.44.17:018][  0]LogConfig: Setting CVar [[r.SceneColorFormat:4]]
[2022.07.23-13.44.17:018][  0]LogConfig: Setting CVar [[r.DetailMode:2]]
[2022.07.23-13.44.17:019][  0]LogConfig: Setting CVar [[r.TranslucencyVolumeBlur:1]]
[2022.07.23-13.44.17:019][  0]LogConfig: Setting CVar [[r.MaterialQualityLevel:1 ; High quality]]
[2022.07.23-13.44.17:019][  0]LogConfig: Setting CVar [[r.SSS.Scale:1]]
[2022.07.23-13.44.17:019][  0]LogConfig: Setting CVar [[r.SSS.SampleSet:2]]
[2022.07.23-13.44.17:019][  0]LogConfig: Setting CVar [[r.SSS.Quality:1]]
[2022.07.23-13.44.17:019][  0]LogConfig: Setting CVar [[r.SSS.HalfRes:0]]
[2022.07.23-13.44.17:019][  0]LogConfig: Setting CVar [[r.SSGI.Quality:3]]
[2022.07.23-13.44.17:019][  0]LogConfig: Setting CVar [[r.EmitterSpawnRateScale:1.0]]
[2022.07.23-13.44.17:019][  0]LogConfig: Setting CVar [[r.ParticleLightQuality:2]]
[2022.07.23-13.44.17:019][  0]LogConfig: Setting CVar [[r.SkyAtmosphere.AerialPerspectiveLUT.FastApplyOnOpaque:1 ; Always have FastSkyLUT 1 in this case to avoid wrong sky]]
[2022.07.23-13.44.17:019][  0]LogConfig: Setting CVar [[r.SkyAtmosphere.AerialPerspectiveLUT.SampleCountPerSlice:1]]
[2022.07.23-13.44.17:019][  0]LogConfig: Setting CVar [[r.SkyAtmosphere.AerialPerspectiveLUT.DepthResolution:16.0]]
[2022.07.23-13.44.17:019][  0]LogConfig: Setting CVar [[r.SkyAtmosphere.FastSkyLUT:1]]
[2022.07.23-13.44.17:019][  0]LogConfig: Setting CVar [[r.SkyAtmosphere.FastSkyLUT.SampleCountMin:4.0]]
[2022.07.23-13.44.17:019][  0]LogConfig: Setting CVar [[r.SkyAtmosphere.FastSkyLUT.SampleCountMax:32.0]]
[2022.07.23-13.44.17:019][  0]LogConfig: Setting CVar [[r.SkyAtmosphere.SampleCountMin:4.0]]
[2022.07.23-13.44.17:019][  0]LogConfig: Setting CVar [[r.SkyAtmosphere.SampleCountMax:32.0]]
[2022.07.23-13.44.17:019][  0]LogConfig: Setting CVar [[r.SkyAtmosphere.TransmittanceLUT.UseSmallFormat:0]]
[2022.07.23-13.44.17:019][  0]LogConfig: Setting CVar [[r.SkyAtmosphere.TransmittanceLUT.SampleCount:10.0]]
[2022.07.23-13.44.17:019][  0]LogConfig: Setting CVar [[r.SkyAtmosphere.MultiScatteringLUT.SampleCount:15.0]]
[2022.07.23-13.44.17:019][  0]LogConfig: Applying CVar settings from Section [FoliageQuality@3] File [E:/AMStudio/Valleys2/Valleys_UEp/Saved/Config/Windows/Scalability.ini]
[2022.07.23-13.44.17:019][  0]LogConfig: Setting CVar [[foliage.DensityScale:1.0]]
[2022.07.23-13.44.17:019][  0]LogConfig: Setting CVar [[grass.DensityScale:1.0]]
[2022.07.23-13.44.17:019][  0]LogConfig: Applying CVar settings from Section [ShadingQuality@3] File [E:/AMStudio/Valleys2/Valleys_UEp/Saved/Config/Windows/Scalability.ini]
[2022.07.23-13.44.17:019][  0]LogConfig: Setting CVar [[r.HairStrands.SkyLighting.SampleCount:16]]
[2022.07.23-13.44.17:019][  0]LogConfig: Setting CVar [[r.HairStrands.SkyLighting.JitterIntegration:0]]
[2022.07.23-13.44.17:019][  0]LogConfig: Setting CVar [[r.HairStrands.SkyAO.SampleCount:16]]
[2022.07.23-13.44.17:019][  0]LogConfig: Setting CVar [[r.HairStrands.DeepShadow.SuperSampling:0]]
[2022.07.23-13.44.17:019][  0]LogConfig: Setting CVar [[r.HairStrands.VisibilityPPLL:0]]
[2022.07.23-13.44.17:019][  0]LogConfig: Setting CVar [[r.HairStrands.RasterizationScale:0.5]]
[2022.07.23-13.44.17:019][  0]LogConfig: Setting CVar [[r.HairStrands.VelocityRasterizationScale:1]]
[2022.07.23-13.44.17:019][  0]LogConfig: Applying CVar settings from Section [Startup] File [../../../Engine/Config/ConsoleVariables.ini]
[2022.07.23-13.44.17:019][  0]LogConfig: Setting CVar [[net.UseAdaptiveNetUpdateFrequency:0]]
[2022.07.23-13.44.17:019][  0]LogConfig: Setting CVar [[p.chaos.AllowCreatePhysxBodies:1]]
[2022.07.23-13.44.17:019][  0]LogConfig: Setting CVar [[fx.SkipVectorVMBackendOptimizations:1]]
[2022.07.23-13.44.17:019][  0]LogConfig: Applying CVar settings from Section [ConsoleVariables] File [E:/AMStudio/Valleys2/Valleys_UEp/Saved/Config/Windows/Engine.ini]
[2022.07.23-13.44.17:019][  0]LogInit: Computer: AMIROLPHAT_PC
[2022.07.23-13.44.17:019][  0]LogInit: User: Amir
[2022.07.23-13.44.17:019][  0]LogInit: CPU Page size=4096, Cores=4
[2022.07.23-13.44.17:019][  0]LogInit: High frequency timer resolution =2.742190 MHz
[2022.07.23-13.44.17:019][  0]LogMemory: Memory total: Physical=31.9GB (32GB approx)
[2022.07.23-13.44.17:019][  0]LogMemory: Platform Memory Stats for Windows
[2022.07.23-13.44.17:019][  0]LogMemory: Process Physical Memory: 111.88 MB used, 111.88 MB peak
[2022.07.23-13.44.17:019][  0]LogMemory: Process Virtual Memory: 95.37 MB used, 95.37 MB peak
[2022.07.23-13.44.17:019][  0]LogMemory: Physical Memory: 5877.27 MB used,  26802.75 MB free, 32680.02 MB total
[2022.07.23-13.44.17:019][  0]LogMemory: Virtual Memory: 1008.06 MB used,  134216720.00 MB free, 134217728.00 MB total
[2022.07.23-13.44.17:026][  0]LogWindows: WindowsPlatformFeatures enabled
[2022.07.23-13.44.17:050][  0]LogInit: Physics initialised using underlying interface: PhysX
[2022.07.23-13.44.17:050][  0]LogInit: Using OS detected language (en-US).
[2022.07.23-13.44.17:050][  0]LogInit: Using OS detected locale (en-US).
[2022.07.23-13.44.17:052][  0]LogTextLocalizationManager: No specific localization for 'en-US' exists, so the 'en' localization will be used.
[2022.07.23-13.44.17:314][  0]LogSlate: New Slate User Created.  User Index 0, Is Virtual User: 0
[2022.07.23-13.44.17:314][  0]LogSlate: Slate User Registered.  User Index 0, Is Virtual User: 0
[2022.07.23-13.44.17:321][  0]LogHMD: Failed to initialize OpenVR with code 110
[2022.07.23-13.44.17:321][  0]LogD3D11RHI: D3D11 min allowed feature level: 11_0
[2022.07.23-13.44.17:321][  0]LogD3D11RHI: D3D11 max allowed feature level: 11_0
[2022.07.23-13.44.17:321][  0]LogD3D11RHI: D3D11 adapters:
[2022.07.23-13.44.17:349][  0]LogD3D11RHI:    0. 'NVIDIA GeForce GTX 960' (Feature Level 11_0)
[2022.07.23-13.44.17:349][  0]LogD3D11RHI:       2007/0/16340 MB DedicatedVideo/DedicatedSystem/SharedSystem, Outputs:1, VendorId:0x10de
[2022.07.23-13.44.17:350][  0]LogD3D11RHI:    1. 'Microsoft Basic Render Driver' (Feature Level 11_0)
[2022.07.23-13.44.17:350][  0]LogD3D11RHI:       0/0/16340 MB DedicatedVideo/DedicatedSystem/SharedSystem, Outputs:0, VendorId:0x1414
[2022.07.23-13.44.17:351][  0]LogD3D11RHI: Chosen D3D11 Adapter: 0
[2022.07.23-13.44.17:353][  0]LogD3D11RHI: Creating new Direct3DDevice
[2022.07.23-13.44.17:353][  0]LogD3D11RHI:     GPU DeviceId: 0x1401 (for the marketing name, search the web for "GPU Device Id")
[2022.07.23-13.44.17:353][  0]LogWindows: EnumDisplayDevices:
[2022.07.23-13.44.17:353][  0]LogWindows:    0. 'NVIDIA GeForce GTX 960' (P:1 D:1)
[2022.07.23-13.44.17:354][  0]LogWindows:    1. 'NVIDIA GeForce GTX 960' (P:0 D:0)
[2022.07.23-13.44.17:354][  0]LogWindows:    2. 'NVIDIA GeForce GTX 960' (P:0 D:0)
[2022.07.23-13.44.17:354][  0]LogWindows:    3. 'NVIDIA GeForce GTX 960' (P:0 D:0)
[2022.07.23-13.44.17:354][  0]LogWindows: DebugString: FoundDriverCount:4 
[2022.07.23-13.44.17:354][  0]LogD3D11RHI:     Adapter Name: NVIDIA GeForce GTX 960
[2022.07.23-13.44.17:354][  0]LogD3D11RHI:   Driver Version: 431.36 (internal:26.21.14.3136, unified:431.36)
[2022.07.23-13.44.17:354][  0]LogD3D11RHI:      Driver Date: 7-3-2019
[2022.07.23-13.44.17:354][  0]LogRHI: Texture pool is 1405 MB (70% of 2007 MB)
[2022.07.23-13.44.17:371][  0]LogD3D11RHI: RHI has support for 64 bit atomics
[2022.07.23-13.44.17:371][  0]LogD3D11RHI: Async texture creation enabled
[2022.07.23-13.44.17:371][  0]LogD3D11RHI: Array index from any shader is supported
[2022.07.23-13.44.17:430][  0]LogD3D11RHI: GPU Timing Frequency: 1000.000000 (Debug: 2 1)
[2022.07.23-13.44.17:644][  0]LogTargetPlatformManager: Display: Loaded TargetPlatform 'WindowsNoEditor'
[2022.07.23-13.44.17:648][  0]LogTargetPlatformManager: Display: Loaded TargetPlatform 'Windows'
[2022.07.23-13.44.17:657][  0]LogTargetPlatformManager: Display: Loaded TargetPlatform 'WindowsClient'
[2022.07.23-13.44.17:666][  0]LogTargetPlatformManager: Display: Loaded TargetPlatform 'WindowsServer'
[2022.07.23-13.44.17:666][  0]LogTargetPlatformManager: Display: Building Assets For Windows
[2022.07.23-13.44.17:671][  0]LogAudioDebug: Display: Lib vorbis DLL was dynamically loaded.
[2022.07.23-13.44.17:714][  0]LogShaderCompilers: Guid format shader working directory is -2 characters bigger than the processId version (../../../../../../AMStudio/Valleys2/Valleys_UEp/Intermediate/Shaders/WorkingDirectory/2252/).
[2022.07.23-13.44.17:714][  0]LogShaderCompilers: Cleaned the shader compiler working directory 'C:/Users/Amir/AppData/Local/Temp/UnrealShaderWorkingDir/62163CB941994A2162E2969CFB65AA9C/'.
[2022.07.23-13.44.17:714][  0]LogXGEController: Cannot use XGE Controller as Incredibuild is not installed on this machine.
[2022.07.23-13.44.17:714][  0]LogShaderCompilers: Cannot use XGE Shader Compiler as Incredibuild is not installed on this machine.
[2022.07.23-13.44.17:714][  0]LogShaderCompilers: Display: Using Local Shader Compiler.
[2022.07.23-13.44.18:429][  0]LogDerivedDataCache: Display: Max Cache Size: 512 MB
[2022.07.23-13.44.18:505][  0]LogDerivedDataCache: Loaded boot cache 0.08s 104MB C:/Users/Amir/AppData/Local/UnrealEngine/4.25/DerivedDataCache/Boot.ddc.
[2022.07.23-13.44.18:505][  0]LogDerivedDataCache: Display: Loaded Boot cache: C:/Users/Amir/AppData/Local/UnrealEngine/4.25/DerivedDataCache/Boot.ddc
[2022.07.23-13.44.18:506][  0]LogDerivedDataCache: FDerivedDataBackendGraph:  Pak pak cache file ../../../../../../AMStudio/Valleys2/Valleys_UEp/DerivedDataCache/DDC.ddp not found, will not use a pak cache.
[2022.07.23-13.44.18:506][  0]LogDerivedDataCache: Unable to find inner node Pak for hierarchical cache Hierarchy.
[2022.07.23-13.44.18:506][  0]LogDerivedDataCache: FDerivedDataBackendGraph:  CompressedPak pak cache file ../../../../../../AMStudio/Valleys2/Valleys_UEp/DerivedDataCache/Compressed.ddp not found, will not use a pak cache.
[2022.07.23-13.44.18:506][  0]LogDerivedDataCache: Unable to find inner node CompressedPak for hierarchical cache Hierarchy.
[2022.07.23-13.44.18:517][  0]LogDerivedDataCache: Display: Pak cache opened for reading ../../../Engine/DerivedDataCache/Compressed.ddp.
[2022.07.23-13.44.18:517][  0]LogDerivedDataCache: FDerivedDataBackendGraph:  EnterprisePak pak cache file ../../../Enterprise/DerivedDataCache/Compressed.ddp not found, will not use a pak cache.
[2022.07.23-13.44.18:517][  0]LogDerivedDataCache: Unable to find inner node EnterprisePak for hierarchical cache Hierarchy.
[2022.07.23-13.44.18:518][  0]LogDerivedDataCache: Using Local data cache path C:/Users/Amir/AppData/Local/UnrealEngine/Common/DerivedDataCache: Writable
[2022.07.23-13.44.18:518][  0]LogDerivedDataCache: Shared data cache path not found in *engine.ini, will not use an Shared cache.
[2022.07.23-13.44.18:518][  0]LogDerivedDataCache: Unable to find inner node Shared for hierarchical cache Hierarchy.
[2022.07.23-13.44.18:549][  0]LogSlate: Using FreeType 2.10.0
[2022.07.23-13.44.18:550][  0]LogSlate: SlateFontServices - WITH_FREETYPE: 1, WITH_HARFBUZZ: 1
[2022.07.23-13.44.18:572][  0]LogWindowsTextInputMethodSystem: Display: IME system now deactivated.
[2022.07.23-13.44.18:616][  0]LogInit: Using OS detected language (en-US).
[2022.07.23-13.44.18:616][  0]LogInit: Using OS detected locale (en-US).
[2022.07.23-13.44.18:616][  0]LogTextLocalizationManager: No localization for 'en-US' exists, so 'en' will be used for the language.
[2022.07.23-13.44.18:616][  0]LogTextLocalizationManager: No localization for 'en-US' exists, so 'en' will be used for the locale.
[2022.07.23-13.44.18:616][  0]LogSlate: FontCache flush requested. Reason: Culture for localization was changed
[2022.07.23-13.44.18:616][  0]LogSlate: FontCache flush requested. Reason: Culture for localization was changed
[2022.07.23-13.44.18:617][  0]LogTextLocalizationManager: Compacting localization data took   0.00ms
[2022.07.23-13.44.18:620][  0]LogAssetRegistry: FAssetRegistry took 0.0021 seconds to start up
[2022.07.23-13.44.18:805][  0]LogPackageLocalizationCache: Processed 19 localized package path(s) for 1 prioritized culture(s) in 0.000647 seconds
[2022.07.23-13.44.18:849][  0]LogInit: Selected Device Profile: [Windows]
[2022.07.23-13.44.18:904][  0]LogMaterial: Display: Missing cached shader map for material WorldGridMaterial, compiling. Is special engine material.
[2022.07.23-13.44.19:937][  0]LogShaderCompilers: Display: Worker (1/3): shaders left to compile 937
[2022.07.23-13.44.19:937][  0]LogShaderCompilers: Display: Worker (2/3): shaders left to compile 936
[2022.07.23-13.44.19:937][  0]LogShaderCompilers: Display: Worker (3/3): shaders left to compile 935
[2022.07.23-13.44.20:449][  0]LogShaderCompilers: Display: Worker (1/3): shaders left to compile 934
[2022.07.23-13.44.20:449][  0]LogShaderCompilers: Display: Worker (2/3): shaders left to compile 933
[2022.07.23-13.44.20:449][  0]LogShaderCompilers: Display: Worker (3/3): shaders left to compile 932
[2022.07.23-13.44.20:449][  0]LogShaderCompilers: Display: Worker (2/3): shaders left to compile 931
[2022.07.23-13.44.20:449][  0]LogShaderCompilers: Display: Worker (3/3): shaders left to compile 930
[2022.07.23-13.44.20:962][  0]LogShaderCompilers: Display: Worker (1/3): shaders left to compile 929
[2022.07.23-13.44.20:962][  0]LogShaderCompilers: Display: Worker (2/3): shaders left to compile 928
[2022.07.23-13.44.20:962][  0]LogShaderCompilers: Display: Worker (1/3): shaders left to compile 927
[2022.07.23-13.44.20:962][  0]LogShaderCompilers: Display: Worker (3/3): shaders left to compile 926
[2022.07.23-13.44.20:962][  0]LogShaderCompilers: Display: Worker (2/3): shaders left to compile 925
[2022.07.23-13.44.21:474][  0]LogShaderCompilers: Display: Worker (1/3): shaders left to compile 924
[2022.07.23-13.44.21:474][  0]LogShaderCompilers: Display: Worker (3/3): shaders left to compile 923
[2022.07.23-13.44.21:474][  0]LogShaderCompilers: Display: Worker (2/3): shaders left to compile 922
[2022.07.23-13.44.21:474][  0]LogShaderCompilers: Display: Worker (1/3): shaders left to compile 921
[2022.07.23-13.44.21:985][  0]LogShaderCompilers: Display: Worker (3/3): shaders left to compile 920
[2022.07.23-13.44.21:985][  0]LogShaderCompilers: Display: Worker (2/3): shaders left to compile 919
[2022.07.23-13.44.21:985][  0]LogShaderCompilers: Display: Worker (1/3): shaders left to compile 918
[2022.07.23-13.44.21:985][  0]LogShaderCompilers: Display: Worker (3/3): shaders left to compile 917
[2022.07.23-13.44.21:985][  0]LogShaderCompilers: Display: Worker (1/3): shaders left to compile 916
[2022.07.23-13.44.22:498][  0]LogShaderCompilers: Display: Worker (2/3): shaders left to compile 915
[2022.07.23-13.44.22:498][  0]LogShaderCompilers: Display: Worker (3/3): shaders left to compile 914
[2022.07.23-13.44.22:498][  0]LogShaderCompilers: Display: Worker (1/3): shaders left to compile 913
[2022.07.23-13.44.23:010][  0]LogShaderCompilers: Display: Worker (3/3): shaders left to compile 912
[2022.07.23-13.44.23:010][  0]LogShaderCompilers: Display: Worker (2/3): shaders left to compile 911
[2022.07.23-13.44.23:010][  0]LogShaderCompilers: Display: Worker (1/3): shaders left to compile 910
[2022.07.23-13.44.23:522][  0]LogShaderCompilers: Display: Worker (3/3): shaders left to compile 909
[2022.07.23-13.44.23:522][  0]LogShaderCompilers: Display: Worker (2/3): shaders left to compile 908
[2022.07.23-13.44.23:522][  0]LogShaderCompilers: Display: Worker (3/3): shaders left to compile 907
[2022.07.23-13.44.23:522][  0]LogShaderCompilers: Display: Worker (1/3): shaders left to compile 906
[2022.07.23-13.44.24:034][  0]LogShaderCompilers: Display: Worker (3/3): shaders left to compile 905
[2022.07.23-13.44.24:034][  0]LogShaderCompilers: Display: Worker (3/3): shaders left to compile 904
[2022.07.23-13.44.24:034][  0]LogShaderCompilers: Display: Worker (2/3): shaders left to compile 903
[2022.07.23-13.44.24:034][  0]LogShaderCompilers: Display: Worker (1/3): shaders left to compile 902
[2022.07.23-13.44.24:546][  0]LogShaderCompilers: Display: Worker (2/3): shaders left to compile 901
[2022.07.23-13.44.24:546][  0]LogShaderCompilers: Display: Worker (3/3): shaders left to compile 900
[2022.07.23-13.44.24:546][  0]LogShaderCompilers: Display: Worker (1/3): shaders left to compile 899
[2022.07.23-13.44.25:058][  0]LogShaderCompilers: Display: Worker (2/3): shaders left to compile 898
[2022.07.23-13.44.25:058][  0]LogShaderCompilers: Display: Worker (1/3): shaders left to compile 897
[2022.07.23-13.44.25:058][  0]LogShaderCompilers: Display: Worker (3/3): shaders left to compile 896
[2022.07.23-13.44.25:058][  0]LogShaderCompilers: Display: Worker (3/3): shaders left to compile 895
[2022.07.23-13.44.25:570][  0]LogShaderCompilers: Display: Worker (2/3): shaders left to compile 894
[2022.07.23-13.44.25:570][  0]LogShaderCompilers: Display: Worker (1/3): shaders left to compile 893
[2022.07.23-13.44.25:570][  0]LogShaderCompilers: Display: Worker (2/3): shaders left to compile 892
[2022.07.23-13.44.25:570][  0]LogShaderCompilers: Display: Worker (3/3): shaders left to compile 891
[2022.07.23-13.44.25:570][  0]LogShaderCompilers: Display: Worker (2/3): shaders left to compile 890
[2022.07.23-13.44.25:570][  0]LogShaderCompilers: Display: Worker (1/3): shaders left to compile 889
[2022.07.23-13.44.26:082][  0]LogShaderCompilers: Display: Worker (2/3): shaders left to compile 888
[2022.07.23-13.44.26:082][  0]LogShaderCompilers: Display: Worker (3/3): shaders left to compile 887
[2022.07.23-13.44.26:595][  0]LogShaderCompilers: Display: Worker (1/3): shaders left to compile 886
[2022.07.23-13.44.26:595][  0]LogShaderCompilers: Display: Worker (3/3): shaders left to compile 885
[2022.07.23-13.44.26:595][  0]LogShaderCompilers: Display: Worker (2/3): shaders left to compile 884
[2022.07.23-13.44.26:595][  0]LogShaderCompilers: Display: Worker (1/3): shaders left to compile 883
[2022.07.23-13.44.27:107][  0]LogShaderCompilers: Display: Worker (3/3): shaders left to compile 882
[2022.07.23-13.44.27:107][  0]LogShaderCompilers: Display: Worker (2/3): shaders left to compile 881
[2022.07.23-13.44.27:107][  0]LogShaderCompilers: Display: Worker (1/3): shaders left to compile 880
[2022.07.23-13.44.27:619][  0]LogShaderCompilers: Display: Worker (2/3): shaders left to compile 879
[2022.07.23-13.44.27:619][  0]LogShaderCompilers: Display: Worker (3/3): shaders left to compile 878
[2022.07.23-13.44.28:133][  0]LogShaderCompilers: Display: Worker (1/3): shaders left to compile 877
[2022.07.23-13.44.28:646][  0]LogShaderCompilers: Display: Worker (2/3): shaders left to compile 876
[2022.07.23-13.44.28:646][  0]LogShaderCompilers: Display: Worker (1/3): shaders left to compile 875
[2022.07.23-13.44.29:161][  0]LogShaderCompilers: Display: Worker (3/3): shaders left to compile 874
[2022.07.23-13.44.29:674][  0]LogShaderCompilers: Display: Worker (2/3): shaders left to compile 873
[2022.07.23-13.44.29:674][  0]LogShaderCompilers: Display: Worker (1/3): shaders left to compile 872
[2022.07.23-13.44.30:186][  0]LogShaderCompilers: Display: Worker (3/3): shaders left to compile 871
[2022.07.23-13.44.30:699][  0]LogShaderCompilers: Display: Worker (1/3): shaders left to compile 870
[2022.07.23-13.44.30:699][  0]LogShaderCompilers: Display: Worker (2/3): shaders left to compile 869
[2022.07.23-13.44.31:213][  0]LogShaderCompilers: Display: Worker (1/3): shaders left to compile 868
[2022.07.23-13.44.31:213][  0]LogShaderCompilers: Display: Worker (1/3): shaders left to compile 867
[2022.07.23-13.44.31:213][  0]LogShaderCompilers: Display: Worker (3/3): shaders left to compile 866
[2022.07.23-13.44.31:213][  0]LogShaderCompilers: Display: Worker (2/3): shaders left to compile 865
[2022.07.23-13.44.31:727][  0]LogShaderCompilers: Display: Worker (1/3): shaders left to compile 864
[2022.07.23-13.44.31:727][  0]LogShaderCompilers: Display: Worker (3/3): shaders left to compile 863
[2022.07.23-13.44.31:727][  0]LogShaderCompilers: Display: Worker (2/3): shaders left to compile 862
[2022.07.23-13.44.32:247][  0]LogShaderCompilers: Display: Worker (1/3): shaders left to compile 861
[2022.07.23-13.44.32:765][  0]LogShaderCompilers: Display: Worker (3/3): shaders left to compile 860
[2022.07.23-13.44.32:765][  0]LogShaderCompilers: Display: Worker (2/3): shaders left to compile 859
[2022.07.23-13.44.32:765][  0]LogShaderCompilers: Display: Worker (1/3): shaders left to compile 858
[2022.07.23-13.44.33:284][  0]LogShaderCompilers: Display: Worker (3/3): shaders left to compile 857
[2022.07.23-13.44.33:800][  0]LogShaderCompilers: Display: Worker (2/3): shaders left to compile 856
[2022.07.23-13.44.33:800][  0]LogShaderCompilers: Display: Worker (1/3): shaders left to compile 855
[2022.07.23-13.44.34:324][  0]LogShaderCompilers: Display: Worker (1/3): shaders left to compile 854
[2022.07.23-13.44.34:324][  0]LogShaderCompilers: Display: Worker (3/3): shaders left to compile 853
[2022.07.23-13.44.34:324][  0]LogShaderCompilers: Display: Worker (2/3): shaders left to compile 852
[2022.07.23-13.44.34:324][  0]LogShaderCompilers: Display: Worker (3/3): shaders left to compile 851
[2022.07.23-13.44.34:845][  0]LogShaderCompilers: Display: Worker (2/3): shaders left to compile 850
[2022.07.23-13.44.34:845][  0]LogShaderCompilers: Display: Worker (1/3): shaders left to compile 849
[2022.07.23-13.44.35:362][  0]LogShaderCompilers: Display: Worker (2/3): shaders left to compile 848
[2022.07.23-13.44.35:362][  0]LogShaderCompilers: Display: Worker (3/3): shaders left to compile 847
[2022.07.23-13.44.35:362][  0]LogShaderCompilers: Display: Worker (2/3): shaders left to compile 846
[2022.07.23-13.44.35:362][  0]LogShaderCompilers: Display: Worker (1/3): shaders left to compile 845
[2022.07.23-13.44.35:877][  0]LogShaderCompilers: Display: Worker (3/3): shaders left to compile 844
[2022.07.23-13.44.35:877][  0]LogShaderCompilers: Display: Worker (2/3): shaders left to compile 843
[2022.07.23-13.44.35:877][  0]LogShaderCompilers: Display: Worker (1/3): shaders left to compile 842
[2022.07.23-13.44.36:398][  0]LogShaderCompilers: Display: Worker (3/3): shaders left to compile 841
[2022.07.23-13.44.36:398][  0]LogShaderCompilers: Display: Worker (2/3): shaders left to compile 840
[2022.07.23-13.44.36:914][  0]LogShaderCompilers: Display: Worker (1/3): shaders left to compile 839
[2022.07.23-13.44.36:914][  0]LogShaderCompilers: Display: Worker (2/3): shaders left to compile 838
[2022.07.23-13.44.36:914][  0]LogShaderCompilers: Display: Worker (3/3): shaders left to compile 837
[2022.07.23-13.44.37:434][  0]LogShaderCompilers: Display: Worker (1/3): shaders left to compile 836
[2022.07.23-13.44.37:434][  0]LogShaderCompilers: Display: Worker (2/3): shaders left to compile 835
[2022.07.23-13.44.37:434][  0]LogShaderCompilers: Display: Worker (3/3): shaders left to compile 834
[2022.07.23-13.44.38:469][  0]LogShaderCompilers: Display: Worker (2/3): shaders left to compile 833
[2022.07.23-13.44.38:469][  0]LogShaderCompilers: Display: Worker (1/3): shaders left to compile 832
[2022.07.23-13.44.38:469][  0]LogShaderCompilers: Display: Worker (3/3): shaders left to compile 831
[2022.07.23-13.44.38:469][  0]LogShaderCompilers: Display: Worker (2/3): shaders left to compile 830
[2022.07.23-13.44.38:989][  0]LogShaderCompilers: Display: Worker (1/3): shaders left to compile 829
[2022.07.23-13.44.38:989][  0]LogShaderCompilers: Display: Worker (3/3): shaders left to compile 828
[2022.07.23-13.44.39:510][  0]LogShaderCompilers: Display: Worker (2/3): shaders left to compile 827
[2022.07.23-13.44.40:029][  0]LogShaderCompilers: Display: Worker (1/3): shaders left to compile 826
[2022.07.23-13.44.40:029][  0]LogShaderCompilers: Display: Worker (2/3): shaders left to compile 825
[2022.07.23-13.44.40:029][  0]LogShaderCompilers: Display: Worker (3/3): shaders left to compile 824
[2022.07.23-13.44.40:555][  0]LogShaderCompilers: Display: Worker (1/3): shaders left to compile 823
[2022.07.23-13.44.40:555][  0]LogShaderCompilers: Display: Worker (2/3): shaders left to compile 822
[2022.07.23-13.44.40:555][  0]LogShaderCompilers: Display: Worker (3/3): shaders left to compile 821
[2022.07.23-13.44.41:087][  0]LogShaderCompilers: Display: Worker (1/3): shaders left to compile 820
[2022.07.23-13.44.41:087][  0]LogShaderCompilers: Display: Worker (2/3): shaders left to compile 819
[2022.07.23-13.44.41:604][  0]LogShaderCompilers: Display: Worker (3/3): shaders left to compile 818
[2022.07.23-13.44.41:604][  0]LogShaderCompilers: Display: Worker (1/3): shaders left to compile 817
[2022.07.23-13.44.41:604][  0]LogShaderCompilers: Display: Worker (2/3): shaders left to compile 816
[2022.07.23-13.44.42:123][  0]LogShaderCompilers: Display: Worker (1/3): shaders left to compile 815
[2022.07.23-13.44.42:123][  0]LogShaderCompilers: Display: Worker (3/3): shaders left to compile 814
[2022.07.23-13.44.42:639][  0]LogShaderCompilers: Display: Worker (2/3): shaders left to compile 813
[2022.07.23-13.44.42:639][  0]LogShaderCompilers: Display: Worker (3/3): shaders left to compile 812
[2022.07.23-13.44.42:639][  0]LogShaderCompilers: Display: Worker (1/3): shaders left to compile 811
[2022.07.23-13.44.43:158][  0]LogShaderCompilers: Display: Worker (3/3): shaders left to compile 810
[2022.07.23-13.44.43:158][  0]LogShaderCompilers: Display: Worker (3/3): shaders left to compile 809
[2022.07.23-13.44.43:158][  0]LogShaderCompilers: Display: Worker (1/3): shaders left to compile 808
[2022.07.23-13.44.43:158][  0]LogShaderCompilers: Display: Worker (2/3): shaders left to compile 807
[2022.07.23-13.44.43:676][  0]LogShaderCompilers: Display: Worker (1/3): shaders left to compile 806
[2022.07.23-13.44.44:195][  0]LogShaderCompilers: Display: Worker (2/3): shaders left to compile 805
[2022.07.23-13.44.44:195][  0]LogShaderCompilers: Display: Worker (3/3): shaders left to compile 804
[2022.07.23-13.44.44:195][  0]LogShaderCompilers: Display: Worker (1/3): shaders left to compile 803
[2022.07.23-13.44.44:195][  0]LogShaderCompilers: Display: Worker (2/3): shaders left to compile 802
[2022.07.23-13.44.44:712][  0]LogShaderCompilers: Display: Worker (3/3): shaders left to compile 801
[2022.07.23-13.44.44:712][  0]LogShaderCompilers: Display: Worker (1/3): shaders left to compile 800
[2022.07.23-13.44.44:712][  0]LogShaderCompilers: Display: Worker (2/3): shaders left to compile 799
[2022.07.23-13.44.45:236][  0]LogShaderCompilers: Display: Worker (3/3): shaders left to compile 798
[2022.07.23-13.44.45:750][  0]LogShaderCompilers: Display: Worker (1/3): shaders left to compile 797
[2022.07.23-13.44.45:750][  0]LogShaderCompilers: Display: Worker (2/3): shaders left to compile 796
[2022.07.23-13.44.46:267][  0]LogShaderCompilers: Display: Worker (3/3): shaders left to compile 795
[2022.07.23-13.44.46:267][  0]LogShaderCompilers: Display: Worker (1/3): shaders left to compile 794
[2022.07.23-13.44.46:267][  0]LogShaderCompilers: Display: Worker (2/3): shaders left to compile 793
[2022.07.23-13.44.46:267][  0]LogShaderCompilers: Display: Worker (3/3): shaders left to compile 792
[2022.07.23-13.44.46:267][  0]LogShaderCompilers: Display: Worker (2/3): shaders left to compile 791
[2022.07.23-13.44.46:785][  0]LogShaderCompilers: Display: Worker (1/3): shaders left to compile 790
[2022.07.23-13.44.46:785][  0]LogShaderCompilers: Display: Worker (2/3): shaders left to compile 789
[2022.07.23-13.44.46:785][  0]LogShaderCompilers: Display: Worker (3/3): shaders left to compile 788
[2022.07.23-13.44.47:303][  0]LogShaderCompilers: Display: Worker (1/3): shaders left to compile 787
[2022.07.23-13.44.47:303][  0]LogShaderCompilers: Display: Worker (2/3): shaders left to compile 786
[2022.07.23-13.44.47:303][  0]LogShaderCompilers: Display: Worker (3/3): shaders left to compile 785
[2022.07.23-13.44.47:820][  0]LogShaderCompilers: Display: Worker (1/3): shaders left to compile 784
[2022.07.23-13.44.48:336][  0]LogShaderCompilers: Display: Worker (3/3): shaders left to compile 783
[2022.07.23-13.44.48:336][  0]LogShaderCompilers: Display: Worker (2/3): shaders left to compile 782
[2022.07.23-13.44.48:336][  0]LogShaderCompilers: Display: Worker (1/3): shaders left to compile 781
[2022.07.23-13.44.48:336][  0]LogShaderCompilers: Display: Worker (2/3): shaders left to compile 780
[2022.07.23-13.44.48:854][  0]LogShaderCompilers: Display: Worker (3/3): shaders left to compile 779
[2022.07.23-13.44.49:902][  0]LogShaderCompilers: Display: Worker (1/3): shaders left to compile 778
[2022.07.23-13.44.49:902][  0]LogShaderCompilers: Display: Worker (2/3): shaders left to compile 777
[2022.07.23-13.44.50:930][  0]LogShaderCompilers: Display: Worker (1/3): shaders left to compile 776
[2022.07.23-13.44.50:930][  0]LogShaderCompilers: Display: Worker (3/3): shaders left to compile 775
[2022.07.23-13.44.50:930][  0]LogShaderCompilers: Display: Worker (2/3): shaders left to compile 774
[2022.07.23-13.44.51:965][  0]LogShaderCompilers: Display: Worker (1/3): shaders left to compile 773
[2022.07.23-13.44.52:484][  0]LogShaderCompilers: Display: Worker (3/3): shaders left to compile 772
[2022.07.23-13.44.53:000][  0]LogShaderCompilers: Display: Worker (2/3): shaders left to compile 771
[2022.07.23-13.44.53:516][  0]LogShaderCompilers: Display: Worker (1/3): shaders left to compile 770
[2022.07.23-13.44.54:034][  0]LogShaderCompilers: Display: Worker (2/3): shaders left to compile 769
[2022.07.23-13.44.54:553][  0]LogShaderCompilers: Display: Worker (3/3): shaders left to compile 768
[2022.07.23-13.44.54:553][  0]LogShaderCompilers: Display: Worker (2/3): shaders left to compile 767
[2022.07.23-13.44.55:078][  0]LogShaderCompilers: Display: Worker (1/3): shaders left to compile 766
[2022.07.23-13.44.55:603][  0]LogShaderCompilers: Display: Worker (3/3): shaders left to compile 765
[2022.07.23-13.44.55:603][  0]LogShaderCompilers: Display: Worker (2/3): shaders left to compile 764
[2022.07.23-13.44.56:128][  0]LogShaderCompilers: Display: Worker (1/3): shaders left to compile 763
[2022.07.23-13.44.56:646][  0]LogShaderCompilers: Display: Worker (3/3): shaders left to compile 762
[2022.07.23-13.44.57:162][  0]LogShaderCompilers: Display: Worker (2/3): shaders left to compile 761
[2022.07.23-13.44.57:687][  0]LogShaderCompilers: Display: Worker (1/3): shaders left to compile 760
[2022.07.23-13.44.58:207][  0]LogShaderCompilers: Display: Worker (1/3): shaders left to compile 759
[2022.07.23-13.44.58:207][  0]LogShaderCompilers: Display: Worker (3/3): shaders left to compile 758
[2022.07.23-13.44.59:243][  0]LogShaderCompilers: Display: Worker (3/3): shaders left to compile 757
[2022.07.23-13.44.59:243][  0]LogShaderCompilers: Display: Worker (2/3): shaders left to compile 756
[2022.07.23-13.44.59:243][  0]LogShaderCompilers: Display: Worker (1/3): shaders left to compile 755
[2022.07.23-13.44.59:756][  0]LogShaderCompilers: Display: Worker (2/3): shaders left to compile 754
[2022.07.23-13.44.59:756][  0]LogShaderCompilers: Display: Worker (3/3): shaders left to compile 753
[2022.07.23-13.45.00:269][  0]LogShaderCompilers: Display: Worker (2/3): shaders left to compile 752
[2022.07.23-13.45.00:269][  0]LogShaderCompilers: Display: Worker (1/3): shaders left to compile 751
[2022.07.23-13.45.00:269][  0]LogShaderCompilers: Display: Worker (3/3): shaders left to compile 750
[2022.07.23-13.45.00:782][  0]LogShaderCompilers: Display: Worker (1/3): shaders left to compile 749
[2022.07.23-13.45.00:782][  0]LogShaderCompilers: Display: Worker (2/3): shaders left to compile 748
[2022.07.23-13.45.00:782][  0]LogShaderCompilers: Display: Worker (3/3): shaders left to compile 747
[2022.07.23-13.45.01:295][  0]LogShaderCompilers: Display: Worker (1/3): shaders left to compile 746
[2022.07.23-13.45.01:295][  0]LogShaderCompilers: Display: Worker (2/3): shaders left to compile 745
[2022.07.23-13.45.01:295][  0]LogShaderCompilers: Display: Worker (2/3): shaders left to compile 744
[2022.07.23-13.45.01:295][  0]LogShaderCompilers: Display: Worker (3/3): shaders left to compile 743
[2022.07.23-13.45.01:808][  0]LogShaderCompilers: Display: Worker (1/3): shaders left to compile 742
[2022.07.23-13.45.01:808][  0]LogShaderCompilers: Display: Worker (2/3): shaders left to compile 741
[2022.07.23-13.45.01:808][  0]LogShaderCompilers: Display: Worker (3/3): shaders left to compile 740
[2022.07.23-13.45.02:321][  0]LogShaderCompilers: Display: Worker (1/3): shaders left to compile 739
[2022.07.23-13.45.02:321][  0]LogShaderCompilers: Display: Worker (2/3): shaders left to compile 738
[2022.07.23-13.45.02:321][  0]LogShaderCompilers: Display: Worker (3/3): shaders left to compile 737
[2022.07.23-13.45.02:834][  0]LogShaderCompilers: Display: Worker (1/3): shaders left to compile 736
[2022.07.23-13.45.02:834][  0]LogShaderCompilers: Display: Worker (2/3): shaders left to compile 735
[2022.07.23-13.45.02:834][  0]LogShaderCompilers: Display: Worker (1/3): shaders left to compile 734
[2022.07.23-13.45.02:834][  0]LogShaderCompilers: Display: Worker (3/3): shaders left to compile 733
[2022.07.23-13.45.03:345][  0]LogShaderCompilers: Display: Worker (1/3): shaders left to compile 732
[2022.07.23-13.45.03:345][  0]LogShaderCompilers: Display: Worker (1/3): shaders left to compile 731
[2022.07.23-13.45.03:345][  0]LogShaderCompilers: Display: Worker (2/3): shaders left to compile 730
[2022.07.23-13.45.03:345][  0]LogShaderCompilers: Display: Worker (3/3): shaders left to compile 729
[2022.07.23-13.45.03:859][  0]LogShaderCompilers: Display: Worker (2/3): shaders left to compile 728
[2022.07.23-13.45.03:859][  0]LogShaderCompilers: Display: Worker (1/3): shaders left to compile 727
[2022.07.23-13.45.03:859][  0]LogShaderCompilers: Display: Worker (3/3): shaders left to compile 726
[2022.07.23-13.45.03:859][  0]LogShaderCompilers: Display: Worker (2/3): shaders left to compile 725
[2022.07.23-13.45.03:859][  0]LogShaderCompilers: Display: Worker (1/3): shaders left to compile 724
[2022.07.23-13.45.03:859][  0]LogShaderCompilers: Display: Worker (3/3): shaders left to compile 723
[2022.07.23-13.45.04:372][  0]LogShaderCompilers: Display: Worker (3/3): shaders left to compile 722
[2022.07.23-13.45.04:372][  0]LogShaderCompilers: Display: Worker (2/3): shaders left to compile 721
[2022.07.23-13.45.04:372][  0]LogShaderCompilers: Display: Worker (1/3): shaders left to compile 720
[2022.07.23-13.45.04:886][  0]LogShaderCompilers: Display: Worker (2/3): shaders left to compile 719
[2022.07.23-13.45.04:886][  0]LogShaderCompilers: Display: Worker (3/3): shaders left to compile 718
[2022.07.23-13.45.04:886][  0]LogShaderCompilers: Display: Worker (2/3): shaders left to compile 717
[2022.07.23-13.45.04:886][  0]LogShaderCompilers: Display: Worker (1/3): shaders left to compile 716
[2022.07.23-13.45.05:399][  0]LogShaderCompilers: Display: Worker (2/3): shaders left to compile 715
[2022.07.23-13.45.05:399][  0]LogShaderCompilers: Display: Worker (3/3): shaders left to compile 714
[2022.07.23-13.45.05:399][  0]LogShaderCompilers: Display: Worker (1/3): shaders left to compile 713
[2022.07.23-13.45.05:399][  0]LogShaderCompilers: Display: Worker (1/3): shaders left to compile 712
[2022.07.23-13.45.05:911][  0]LogShaderCompilers: Display: Worker (3/3): shaders left to compile 711
[2022.07.23-13.45.05:911][  0]LogShaderCompilers: Display: Worker (2/3): shaders left to compile 710
[2022.07.23-13.45.05:911][  0]LogShaderCompilers: Display: Worker (1/3): shaders left to compile 709
[2022.07.23-13.45.05:911][  0]LogShaderCompilers: Display: Worker (3/3): shaders left to compile 708
[2022.07.23-13.45.05:911][  0]LogShaderCompilers: Display: Worker (2/3): shaders left to compile 707
[2022.07.23-13.45.05:911][  0]LogShaderCompilers: Display: Worker (3/3): shaders left to compile 706
[2022.07.23-13.45.06:423][  0]LogShaderCompilers: Display: Worker (1/3): shaders left to compile 705
[2022.07.23-13.45.06:423][  0]LogShaderCompilers: Display: Worker (2/3): shaders left to compile 704
[2022.07.23-13.45.06:423][  0]LogShaderCompilers: Display: Worker (3/3): shaders left to compile 703
[2022.07.23-13.45.06:935][  0]LogShaderCompilers: Display: Worker (1/3): shaders left to compile 702
[2022.07.23-13.45.06:935][  0]LogShaderCompilers: Display: Worker (2/3): shaders left to compile 701
[2022.07.23-13.45.06:935][  0]LogShaderCompilers: Display: Worker (3/3): shaders left to compile 700
[2022.07.23-13.45.06:935][  0]LogShaderCompilers: Display: Worker (1/3): shaders left to compile 699
[2022.07.23-13.45.06:935][  0]LogShaderCompilers: Display: Worker (2/3): shaders left to compile 698
[2022.07.23-13.45.06:935][  0]LogShaderCompilers: Display: Worker (1/3): shaders left to compile 697
[2022.07.23-13.45.06:935][  0]LogShaderCompilers: Display: Worker (3/3): shaders left to compile 696
[2022.07.23-13.45.07:498][  0]LogShaderCompilers: Display: Worker (1/3): shaders left to compile 695
[2022.07.23-13.45.07:498][  0]LogShaderCompilers: Display: Worker (1/3): shaders left to compile 694
[2022.07.23-13.45.07:498][  0]LogShaderCompilers: Display: Worker (2/3): shaders left to compile 693
[2022.07.23-13.45.07:498][  0]LogShaderCompilers: Display: Worker (3/3): shaders left to compile 692
[2022.07.23-13.45.07:498][  0]LogShaderCompilers: Display: Worker (1/3): shaders left to compile 691
[2022.07.23-13.45.08:011][  0]LogShaderCompilers: Display: Worker (2/3): shaders left to compile 690
[2022.07.23-13.45.08:011][  0]LogShaderCompilers: Display: Worker (3/3): shaders left to compile 689
[2022.07.23-13.45.08:011][  0]LogShaderCompilers: Display: Worker (1/3): shaders left to compile 688
[2022.07.23-13.45.08:524][  0]LogShaderCompilers: Display: Worker (2/3): shaders left to compile 687
[2022.07.23-13.45.08:524][  0]LogShaderCompilers: Display: Worker (3/3): shaders left to compile 686
[2022.07.23-13.45.08:524][  0]LogShaderCompilers: Display: Worker (1/3): shaders left to compile 685
[2022.07.23-13.45.09:036][  0]LogShaderCompilers: Display: Worker (2/3): shaders left to compile 684
[2022.07.23-13.45.09:036][  0]LogShaderCompilers: Display: Worker (3/3): shaders left to compile 683
[2022.07.23-13.45.09:036][  0]LogShaderCompilers: Display: Worker (2/3): shaders left to compile 682
[2022.07.23-13.45.09:036][  0]LogShaderCompilers: Display: Worker (1/3): shaders left to compile 681
[2022.07.23-13.45.09:036][  0]LogShaderCompilers: Display: Worker (2/3): shaders left to compile 680
[2022.07.23-13.45.09:036][  0]LogShaderCompilers: Display: Worker (3/3): shaders left to compile 679
[2022.07.23-13.45.09:549][  0]LogShaderCompilers: Display: Worker (2/3): shaders left to compile 678
[2022.07.23-13.45.09:549][  0]LogShaderCompilers: Display: Worker (1/3): shaders left to compile 677
[2022.07.23-13.45.09:549][  0]LogShaderCompilers: Display: Worker (3/3): shaders left to compile 676
[2022.07.23-13.45.10:062][  0]LogShaderCompilers: Display: Worker (3/3): shaders left to compile 675
[2022.07.23-13.45.10:062][  0]LogShaderCompilers: Display: Worker (2/3): shaders left to compile 674
[2022.07.23-13.45.10:062][  0]LogShaderCompilers: Display: Worker (1/3): shaders left to compile 673
[2022.07.23-13.45.10:062][  0]LogShaderCompilers: Display: Worker (2/3): shaders left to compile 672
[2022.07.23-13.45.10:062][  0]LogShaderCompilers: Display: Worker (1/3): shaders left to compile 671
[2022.07.23-13.45.10:062][  0]LogShaderCompilers: Display: Worker (3/3): shaders left to compile 670
[2022.07.23-13.45.10:574][  0]LogShaderCompilers: Display: Worker (1/3): shaders left to compile 669
[2022.07.23-13.45.10:574][  0]LogShaderCompilers: Display: Worker (2/3): shaders left to compile 668
[2022.07.23-13.45.10:574][  0]LogShaderCompilers: Display: Worker (3/3): shaders left to compile 667
[2022.07.23-13.45.11:088][  0]LogShaderCompilers: Display: Worker (1/3): shaders left to compile 666
[2022.07.23-13.45.11:088][  0]LogShaderCompilers: Display: Worker (3/3): shaders left to compile 665
[2022.07.23-13.45.11:088][  0]LogShaderCompilers: Display: Worker (2/3): shaders left to compile 664
[2022.07.23-13.45.11:600][  0]LogShaderCompilers: Display: Worker (1/3): shaders left to compile 663
[2022.07.23-13.45.11:600][  0]LogShaderCompilers: Display: Worker (3/3): shaders left to compile 662
[2022.07.23-13.45.11:600][  0]LogShaderCompilers: Display: Worker (2/3): shaders left to compile 661
[2022.07.23-13.45.11:600][  0]LogShaderCompilers: Display: Worker (3/3): shaders left to compile 660
[2022.07.23-13.45.11:600][  0]LogShaderCompilers: Display: Worker (1/3): shaders left to compile 659
[2022.07.23-13.45.12:112][  0]LogShaderCompilers: Display: Worker (3/3): shaders left to compile 658
[2022.07.23-13.45.12:112][  0]LogShaderCompilers: Display: Worker (3/3): shaders left to compile 657
[2022.07.23-13.45.12:112][  0]LogShaderCompilers: Display: Worker (2/3): shaders left to compile 656
[2022.07.23-13.45.12:112][  0]LogShaderCompilers: Display: Worker (1/3): shaders left to compile 655
[2022.07.23-13.45.12:112][  0]LogShaderCompilers: Display: Worker (2/3): shaders left to compile 654
[2022.07.23-13.45.12:112][  0]LogShaderCompilers: Display: Worker (3/3): shaders left to compile 653
[2022.07.23-13.45.12:112][  0]LogShaderCompilers: Display: Worker (1/3): shaders left to compile 652
[2022.07.23-13.45.12:624][  0]LogShaderCompilers: Display: Worker (2/3): shaders left to compile 651
[2022.07.23-13.45.12:624][  0]LogShaderCompilers: Display: Worker (3/3): shaders left to compile 650
[2022.07.23-13.45.12:624][  0]LogShaderCompilers: Display: Worker (1/3): shaders left to compile 649
[2022.07.23-13.45.12:624][  0]LogShaderCompilers: Display: Worker (1/3): shaders left to compile 648
[2022.07.23-13.45.12:624][  0]LogShaderCompilers: Display: Worker (2/3): shaders left to compile 647
[2022.07.23-13.45.12:624][  0]LogShaderCompilers: Display: Worker (3/3): shaders left to compile 646
[2022.07.23-13.45.12:624][  0]LogShaderCompilers: Display: Worker (1/3): shaders left to compile 645
[2022.07.23-13.45.12:624][  0]LogShaderCompilers: Display: Worker (2/3): shaders left to compile 644
[2022.07.23-13.45.13:135][  0]LogShaderCompilers: Display: Worker (1/3): shaders left to compile 643
[2022.07.23-13.45.13:135][  0]LogShaderCompilers: Display: Worker (3/3): shaders left to compile 642
[2022.07.23-13.45.13:135][  0]LogShaderCompilers: Display: Worker (1/3): shaders left to compile 641
[2022.07.23-13.45.13:135][  0]LogShaderCompilers: Display: Worker (2/3): shaders left to compile 640
[2022.07.23-13.45.13:135][  0]LogShaderCompilers: Display: Worker (3/3): shaders left to compile 639
[2022.07.23-13.45.13:135][  0]LogShaderCompilers: Display: Worker (3/3): shaders left to compile 638
[2022.07.23-13.45.13:135][  0]LogShaderCompilers: Display: Worker (1/3): shaders left to compile 637
[2022.07.23-13.45.13:648][  0]LogShaderCompilers: Display: Worker (2/3): shaders left to compile 636
[2022.07.23-13.45.13:648][  0]LogShaderCompilers: Display: Worker (3/3): shaders left to compile 635
[2022.07.23-13.45.13:648][  0]LogShaderCompilers: Display: Worker (1/3): shaders left to compile 634
[2022.07.23-13.45.13:648][  0]LogShaderCompilers: Display: Worker (2/3): shaders left to compile 633
[2022.07.23-13.45.13:648][  0]LogShaderCompilers: Display: Worker (1/3): shaders left to compile 632
[2022.07.23-13.45.14:161][  0]LogShaderCompilers: Display: Worker (3/3): shaders left to compile 631
[2022.07.23-13.45.14:161][  0]LogShaderCompilers: Display: Worker (2/3): shaders left to compile 630
[2022.07.23-13.45.14:161][  0]LogShaderCompilers: Display: Worker (1/3): shaders left to compile 629
[2022.07.23-13.45.14:161][  0]LogShaderCompilers: Display: Worker (2/3): shaders left to compile 628
[2022.07.23-13.45.14:161][  0]LogShaderCompilers: Display: Worker (3/3): shaders left to compile 627
[2022.07.23-13.45.14:161][  0]LogShaderCompilers: Display: Worker (1/3): shaders left to compile 626
[2022.07.23-13.45.14:161][  0]LogShaderCompilers: Display: Worker (2/3): shaders left to compile 625
[2022.07.23-13.45.14:673][  0]LogShaderCompilers: Display: Worker (2/3): shaders left to compile 624
[2022.07.23-13.45.14:673][  0]LogShaderCompilers: Display: Worker (3/3): shaders left to compile 623
[2022.07.23-13.45.14:673][  0]LogShaderCompilers: Display: Worker (1/3): shaders left to compile 622
[2022.07.23-13.45.14:673][  0]LogShaderCompilers: Display: Worker (3/3): shaders left to compile 621
[2022.07.23-13.45.14:673][  0]LogShaderCompilers: Display: Worker (3/3): shaders left to compile 620
[2022.07.23-13.45.14:673][  0]LogShaderCompilers: Display: Worker (2/3): shaders left to compile 619
[2022.07.23-13.45.15:184][  0]LogShaderCompilers: Display: Worker (1/3): shaders left to compile 618
[2022.07.23-13.45.15:184][  0]LogShaderCompilers: Display: Worker (2/3): shaders left to compile 617
[2022.07.23-13.45.15:184][  0]LogShaderCompilers: Display: Worker (3/3): shaders left to compile 616
[2022.07.23-13.45.15:184][  0]LogShaderCompilers: Display: Worker (1/3): shaders left to compile 615
[2022.07.23-13.45.15:184][  0]LogShaderCompilers: Display: Worker (2/3): shaders left to compile 614
[2022.07.23-13.45.15:184][  0]LogShaderCompilers: Display: Worker (3/3): shaders left to compile 613
[2022.07.23-13.45.15:184][  0]LogShaderCompilers: Display: Worker (1/3): shaders left to compile 612
[2022.07.23-13.45.15:697][  0]LogShaderCompilers: Display: Worker (2/3): shaders left to compile 611
[2022.07.23-13.45.15:697][  0]LogShaderCompilers: Display: Worker (1/3): shaders left to compile 610
[2022.07.23-13.45.15:697][  0]LogShaderCompilers: Display: Worker (3/3): shaders left to compile 609
[2022.07.23-13.45.15:697][  0]LogShaderCompilers: Display: Worker (1/3): shaders left to compile 608
[2022.07.23-13.45.15:697][  0]LogShaderCompilers: Display: Worker (2/3): shaders left to compile 607
[2022.07.23-13.45.15:697][  0]LogShaderCompilers: Display: Worker (1/3): shaders left to compile 606
[2022.07.23-13.45.15:697][  0]LogShaderCompilers: Display: Worker (3/3): shaders left to compile 605
[2022.07.23-13.45.16:209][  0]LogShaderCompilers: Display: Worker (2/3): shaders left to compile 604
[2022.07.23-13.45.16:209][  0]LogShaderCompilers: Display: Worker (1/3): shaders left to compile 603
[2022.07.23-13.45.16:209][  0]LogShaderCompilers: Display: Worker (3/3): shaders left to compile 602
[2022.07.23-13.45.16:722][  0]LogShaderCompilers: Display: Worker (1/3): shaders left to compile 601
[2022.07.23-13.45.16:722][  0]LogShaderCompilers: Display: Worker (2/3): shaders left to compile 600
[2022.07.23-13.45.16:722][  0]LogShaderCompilers: Display: Worker (3/3): shaders left to compile 599
[2022.07.23-13.45.16:722][  0]LogShaderCompilers: Display: Worker (2/3): shaders left to compile 598
[2022.07.23-13.45.16:722][  0]LogShaderCompilers: Display: Worker (1/3): shaders left to compile 597
[2022.07.23-13.45.16:722][  0]LogShaderCompilers: Display: Worker (3/3): shaders left to compile 596
[2022.07.23-13.45.17:234][  0]LogShaderCompilers: Display: Worker (1/3): shaders left to compile 595
[2022.07.23-13.45.17:234][  0]LogShaderCompilers: Display: Worker (2/3): shaders left to compile 594
[2022.07.23-13.45.17:234][  0]LogShaderCompilers: Display: Worker (3/3): shaders left to compile 593
[2022.07.23-13.45.17:234][  0]LogShaderCompilers: Display: Worker (1/3): shaders left to compile 592
[2022.07.23-13.45.17:746][  0]LogShaderCompilers: Display: Worker (3/3): shaders left to compile 591
[2022.07.23-13.45.17:746][  0]LogShaderCompilers: Display: Worker (2/3): shaders left to compile 590
[2022.07.23-13.45.17:746][  0]LogShaderCompilers: Display: Worker (1/3): shaders left to compile 589
[2022.07.23-13.45.17:746][  0]LogShaderCompilers: Display: Worker (3/3): shaders left to compile 588
[2022.07.23-13.45.17:746][  0]LogShaderCompilers: Display: Worker (2/3): shaders left to compile 587
[2022.07.23-13.45.17:746][  0]LogShaderCompilers: Display: Worker (1/3): shaders left to compile 586
[2022.07.23-13.45.18:258][  0]LogShaderCompilers: Display: Worker (3/3): shaders left to compile 585
[2022.07.23-13.45.18:258][  0]LogShaderCompilers: Display: Worker (1/3): shaders left to compile 584
[2022.07.23-13.45.18:258][  0]LogShaderCompilers: Display: Worker (2/3): shaders left to compile 583
[2022.07.23-13.45.18:258][  0]LogShaderCompilers: Display: Worker (1/3): shaders left to compile 582
[2022.07.23-13.45.18:258][  0]LogShaderCompilers: Display: Worker (3/3): shaders left to compile 581
[2022.07.23-13.45.18:258][  0]LogShaderCompilers: Display: Worker (2/3): shaders left to compile 580
[2022.07.23-13.45.18:771][  0]LogShaderCompilers: Display: Worker (1/3): shaders left to compile 579
[2022.07.23-13.45.18:771][  0]LogShaderCompilers: Display: Worker (3/3): shaders left to compile 578
[2022.07.23-13.45.18:771][  0]LogShaderCompilers: Display: Worker (2/3): shaders left to compile 577
[2022.07.23-13.45.18:771][  0]LogShaderCompilers: Display: Worker (1/3): shaders left to compile 576
[2022.07.23-13.45.18:771][  0]LogShaderCompilers: Display: Worker (3/3): shaders left to compile 575
[2022.07.23-13.45.18:771][  0]LogShaderCompilers: Display: Worker (3/3): shaders left to compile 574
[2022.07.23-13.45.19:283][  0]LogShaderCompilers: Display: Worker (2/3): shaders left to compile 573
[2022.07.23-13.45.19:283][  0]LogShaderCompilers: Display: Worker (1/3): shaders left to compile 572
[2022.07.23-13.45.19:283][  0]LogShaderCompilers: Display: Worker (3/3): shaders left to compile 571
[2022.07.23-13.45.19:283][  0]LogShaderCompilers: Display: Worker (2/3): shaders left to compile 570
[2022.07.23-13.45.19:283][  0]LogShaderCompilers: Display: Worker (3/3): shaders left to compile 569
[2022.07.23-13.45.19:283][  0]LogShaderCompilers: Display: Worker (1/3): shaders left to compile 568
[2022.07.23-13.45.19:283][  0]LogShaderCompilers: Display: Worker (3/3): shaders left to compile 567
[2022.07.23-13.45.19:283][  0]LogShaderCompilers: Display: Worker (2/3): shaders left to compile 566
[2022.07.23-13.45.19:797][  0]LogShaderCompilers: Display: Worker (1/3): shaders left to compile 565
[2022.07.23-13.45.19:797][  0]LogShaderCompilers: Display: Worker (3/3): shaders left to compile 564
[2022.07.23-13.45.19:797][  0]LogShaderCompilers: Display: Worker (1/3): shaders left to compile 563
[2022.07.23-13.45.19:797][  0]LogShaderCompilers: Display: Worker (2/3): shaders left to compile 562
[2022.07.23-13.45.19:797][  0]LogShaderCompilers: Display: Worker (3/3): shaders left to compile 561
[2022.07.23-13.45.19:797][  0]LogShaderCompilers: Display: Worker (1/3): shaders left to compile 560
[2022.07.23-13.45.19:797][  0]LogShaderCompilers: Display: Worker (2/3): shaders left to compile 559
[2022.07.23-13.45.20:310][  0]LogShaderCompilers: Display: Worker (1/3): shaders left to compile 558
[2022.07.23-13.45.20:310][  0]LogShaderCompilers: Display: Worker (3/3): shaders left to compile 557
[2022.07.23-13.45.20:310][  0]LogShaderCompilers: Display: Worker (2/3): shaders left to compile 556
[2022.07.23-13.45.20:310][  0]LogShaderCompilers: Display: Worker (1/3): shaders left to compile 555
[2022.07.23-13.45.20:821][  0]LogShaderCompilers: Display: Worker (2/3): shaders left to compile 554
[2022.07.23-13.45.20:821][  0]LogShaderCompilers: Display: Worker (3/3): shaders left to compile 553
[2022.07.23-13.45.20:821][  0]LogShaderCompilers: Display: Worker (1/3): shaders left to compile 552
[2022.07.23-13.45.20:821][  0]LogShaderCompilers: Display: Worker (2/3): shaders left to compile 551
[2022.07.23-13.45.20:821][  0]LogShaderCompilers: Display: Worker (2/3): shaders left to compile 550
[2022.07.23-13.45.20:821][  0]LogShaderCompilers: Display: Worker (3/3): shaders left to compile 549
[2022.07.23-13.45.20:821][  0]LogShaderCompilers: Display: Worker (1/3): shaders left to compile 548
[2022.07.23-13.45.21:334][  0]LogShaderCompilers: Display: Worker (3/3): shaders left to compile 547
[2022.07.23-13.45.21:334][  0]LogShaderCompilers: Display: Worker (3/3): shaders left to compile 546
[2022.07.23-13.45.21:334][  0]LogShaderCompilers: Display: Worker (2/3): shaders left to compile 545
[2022.07.23-13.45.21:334][  0]LogShaderCompilers: Display: Worker (1/3): shaders left to compile 544
[2022.07.23-13.45.21:334][  0]LogShaderCompilers: Display: Worker (3/3): shaders left to compile 543
[2022.07.23-13.45.21:334][  0]LogShaderCompilers: Display: Worker (2/3): shaders left to compile 542
[2022.07.23-13.45.21:848][  0]LogShaderCompilers: Display: Worker (1/3): shaders left to compile 541
[2022.07.23-13.45.21:848][  0]LogShaderCompilers: Display: Worker (3/3): shaders left to compile 540
[2022.07.23-13.45.21:848][  0]LogShaderCompilers: Display: Worker (2/3): shaders left to compile 539
[2022.07.23-13.45.21:848][  0]LogShaderCompilers: Display: Worker (1/3): shaders left to compile 538
[2022.07.23-13.45.22:360][  0]LogShaderCompilers: Display: Worker (3/3): shaders left to compile 537
[2022.07.23-13.45.22:360][  0]LogShaderCompilers: Display: Worker (1/3): shaders left to compile 536
[2022.07.23-13.45.22:360][  0]LogShaderCompilers: Display: Worker (2/3): shaders left to compile 535
[2022.07.23-13.45.22:360][  0]LogShaderCompilers: Display: Worker (3/3): shaders left to compile 534
[2022.07.23-13.45.22:360][  0]LogShaderCompilers: Display: Worker (1/3): shaders left to compile 533
[2022.07.23-13.45.22:873][  0]LogShaderCompilers: Display: Worker (3/3): shaders left to compile 532
[2022.07.23-13.45.22:873][  0]LogShaderCompilers: Display: Worker (2/3): shaders left to compile 531
[2022.07.23-13.45.22:873][  0]LogShaderCompilers: Display: Worker (1/3): shaders left to compile 530
[2022.07.23-13.45.22:873][  0]LogShaderCompilers: Display: Worker (3/3): shaders left to compile 529
[2022.07.23-13.45.23:385][  0]LogShaderCompilers: Display: Worker (2/3): shaders left to compile 528
[2022.07.23-13.45.23:385][  0]LogShaderCompilers: Display: Worker (3/3): shaders left to compile 527
[2022.07.23-13.45.23:385][  0]LogShaderCompilers: Display: Worker (1/3): shaders left to compile 526
[2022.07.23-13.45.23:385][  0]LogShaderCompilers: Display: Worker (2/3): shaders left to compile 525
[2022.07.23-13.45.23:897][  0]LogShaderCompilers: Display: Worker (1/3): shaders left to compile 524
[2022.07.23-13.45.23:897][  0]LogShaderCompilers: Display: Worker (3/3): shaders left to compile 523
[2022.07.23-13.45.23:897][  0]LogShaderCompilers: Display: Worker (3/3): shaders left to compile 522
[2022.07.23-13.45.23:897][  0]LogShaderCompilers: Display: Worker (2/3): shaders left to compile 521
[2022.07.23-13.45.24:411][  0]LogShaderCompilers: Display: Worker (1/3): shaders left to compile 520
